


ARM Macro Assembler    Page 1 


    1 00000000         ;/******************************************************
                       ********************//**
    2 00000000         ; * @file     startup_LPC17xx.s
    3 00000000         ; * @brief    CMSIS Cortex-M3 Core Device Startup File f
                       or
    4 00000000         ; *           NXP LPC17xx Device Series
    5 00000000         ; * @version  V1.10
    6 00000000         ; * @date     06. April 2011
    7 00000000         ; *
    8 00000000         ; * @note
    9 00000000         ; * Copyright (C) 2009-2011 ARM Limited. All rights rese
                       rved.
   10 00000000         ; *
   11 00000000         ; * @par
   12 00000000         ; * ARM Limited (ARM) is supplying this software for use
                        with Cortex-M
   13 00000000         ; * processor based microcontrollers.  This file can be 
                       freely distributed
   14 00000000         ; * within development tools that are supporting such AR
                       M based processors.
   15 00000000         ; *
   16 00000000         ; * @par
   17 00000000         ; * THIS SOFTWARE IS PROVIDED "AS IS".  NO WARRANTIES, W
                       HETHER EXPRESS, IMPLIED
   18 00000000         ; * OR STATUTORY, INCLUDING, BUT NOT LIMITED TO, IMPLIED
                        WARRANTIES OF
   19 00000000         ; * MERCHANTABILITY AND FITNESS FOR A PARTICULAR PURPOSE
                        APPLY TO THIS SOFTWARE.
   20 00000000         ; * ARM SHALL NOT, IN ANY CIRCUMSTANCES, BE LIABLE FOR S
                       PECIAL, INCIDENTAL, OR
   21 00000000         ; * CONSEQUENTIAL DAMAGES, FOR ANY REASON WHATSOEVER.
   22 00000000         ; *
   23 00000000         ; ******************************************************
                       ************************/
   24 00000000         
   25 00000000         ; *------- <<< Use Configuration Wizard in Context Menu 
                       >>> ------------------
   26 00000000         
   27 00000000         ; <h> Stack Configuration
   28 00000000         ;   <o> Stack Size (in Bytes) <0x0-0xFFFFFFFF:8>
   29 00000000         ; </h>
   30 00000000         
   31 00000000 00000200 
                       Stack_Size
                               EQU              0x00000200
   32 00000000         
   33 00000000                 AREA             STACK, NOINIT, READWRITE, ALIGN
=3
   34 00000000         Stack_Mem
                               SPACE            Stack_Size
   35 00000200         __initial_sp
   36 00000200         
   37 00000200         
   38 00000200         ; <h> Heap Configuration
   39 00000200         ;   <o>  Heap Size (in Bytes) <0x0-0xFFFFFFFF:8>
   40 00000200         ; </h>
   41 00000200         
   42 00000200 00000000 
                       Heap_Size



ARM Macro Assembler    Page 2 


                               EQU              0x00000000
   43 00000200         
   44 00000200                 AREA             HEAP, NOINIT, READWRITE, ALIGN=
3
   45 00000000         __heap_base
   46 00000000         Heap_Mem
                               SPACE            Heap_Size
   47 00000000         __heap_limit
   48 00000000         
   49 00000000         
   50 00000000                 PRESERVE8
   51 00000000                 THUMB
   52 00000000         
   53 00000000         
   54 00000000         ; Vector Table Mapped to Address 0 at Reset
   55 00000000         
   56 00000000                 AREA             RESET, DATA, READONLY
   57 00000000                 EXPORT           __Vectors
   58 00000000         
   59 00000000 00000000 
                       __Vectors
                               DCD              __initial_sp ; Top of Stack
   60 00000004 00000000        DCD              Reset_Handler ; Reset Handler
   61 00000008 00000000        DCD              NMI_Handler ; NMI Handler
   62 0000000C 00000000        DCD              HardFault_Handler ; Hard Fault 
                                                            Handler
   63 00000010 00000000        DCD              MemManage_Handler 
                                                            ; MPU Fault Handler
                                                            
   64 00000014 00000000        DCD              BusFault_Handler 
                                                            ; Bus Fault Handler
                                                            
   65 00000018 00000000        DCD              UsageFault_Handler ; Usage Faul
                                                            t Handler
   66 0000001C 00000000        DCD              0           ; Reserved
   67 00000020 00000000        DCD              0           ; Reserved
   68 00000024 00000000        DCD              0           ; Reserved
   69 00000028 00000000        DCD              0           ; Reserved
   70 0000002C 00000000        DCD              SVC_Handler ; SVCall Handler
   71 00000030 00000000        DCD              DebugMon_Handler ; Debug Monito
                                                            r Handler
   72 00000034 00000000        DCD              0           ; Reserved
   73 00000038 00000000        DCD              PendSV_Handler ; PendSV Handler
                                                            
   74 0000003C 00000000        DCD              SysTick_Handler 
                                                            ; SysTick Handler
   75 00000040         
   76 00000040         ; External Interrupts
   77 00000040 00000000        DCD              WDT_IRQHandler ; 16: Watchdog T
                                                            imer
   78 00000044 00000000        DCD              TIMER0_IRQHandler ; 17: Timer0
   79 00000048 00000000        DCD              TIMER1_IRQHandler ; 18: Timer1
   80 0000004C 00000000        DCD              TIMER2_IRQHandler ; 19: Timer2
   81 00000050 00000000        DCD              TIMER3_IRQHandler ; 20: Timer3
   82 00000054 00000000        DCD              UART0_IRQHandler ; 21: UART0
   83 00000058 00000000        DCD              UART1_IRQHandler ; 22: UART1
   84 0000005C 00000000        DCD              UART2_IRQHandler ; 23: UART2
   85 00000060 00000000        DCD              UART3_IRQHandler ; 24: UART3
   86 00000064 00000000        DCD              PWM1_IRQHandler ; 25: PWM1



ARM Macro Assembler    Page 3 


   87 00000068 00000000        DCD              I2C0_IRQHandler ; 26: I2C0
   88 0000006C 00000000        DCD              I2C1_IRQHandler ; 27: I2C1
   89 00000070 00000000        DCD              I2C2_IRQHandler ; 28: I2C2
   90 00000074 00000000        DCD              SPI_IRQHandler ; 29: SPI
   91 00000078 00000000        DCD              SSP0_IRQHandler ; 30: SSP0
   92 0000007C 00000000        DCD              SSP1_IRQHandler ; 31: SSP1
   93 00000080 00000000        DCD              PLL0_IRQHandler ; 32: PLL0 Lock
                                                             (Main PLL)
   94 00000084 00000000        DCD              RTC_IRQHandler ; 33: Real Time 
                                                            Clock
   95 00000088 00000000        DCD              EINT0_IRQHandler ; 34: External
                                                             Interrupt 0
   96 0000008C 00000000        DCD              EINT1_IRQHandler ; 35: External
                                                             Interrupt 1
   97 00000090 00000000        DCD              EINT2_IRQHandler ; 36: External
                                                             Interrupt 2
   98 00000094 00000000        DCD              EINT3_IRQHandler ; 37: External
                                                             Interrupt 3
   99 00000098 00000000        DCD              ADC_IRQHandler 
                                                            ; 38: A/D Converter
                                                            
  100 0000009C 00000000        DCD              BOD_IRQHandler ; 39: Brown-Out 
                                                            Detect
  101 000000A0 00000000        DCD              USB_IRQHandler ; 40: USB
  102 000000A4 00000000        DCD              CAN_IRQHandler ; 41: CAN
  103 000000A8 00000000        DCD              DMA_IRQHandler ; 42: General Pu
                                                            rpose DMA
  104 000000AC 00000000        DCD              I2S_IRQHandler ; 43: I2S
  105 000000B0 00000000        DCD              ENET_IRQHandler ; 44: Ethernet
  106 000000B4 00000000        DCD              RIT_IRQHandler ; 45: Repetitive
                                                             Interrupt Timer
  107 000000B8 00000000        DCD              MCPWM_IRQHandler ; 46: Motor Co
                                                            ntrol PWM
  108 000000BC 00000000        DCD              QEI_IRQHandler ; 47: Quadrature
                                                             Encoder Interface
  109 000000C0 00000000        DCD              PLL1_IRQHandler ; 48: PLL1 Lock
                                                             (USB PLL)
  110 000000C4 00000000        DCD              USBActivity_IRQHandler ; 49: US
                                                            B Activity interrup
                                                            t to wakeup
  111 000000C8 00000000        DCD              CANActivity_IRQHandler ; 50: CA
                                                            N Activity interrup
                                                            t to wakeup
  112 000000CC         
  113 000000CC         
  114 000000CC                 IF               :LNOT::DEF:NO_CRP
  115 000000CC                 AREA             |.ARM.__at_0x02FC|, CODE, READO
NLY
  116 00000000 FFFFFFFF 
                       CRP_Key DCD              0xFFFFFFFF
  117 00000004                 ENDIF
  118 00000004         
  119 00000004                 AREA             BellissimiDati, DATA, READWRITE
, align=3
  120 00000000                 LTORG
  121 00000000 00 00 00 
              00 00 00 
              00 00 00 
              00 00 00 



ARM Macro Assembler    Page 4 


              00 00 00 
              00 00 00 
              00 00 00 
              00 00 00 
              00 00 00 
              00       Calories_food_ordered
                               space            7*4
  122 0000001C 00 00 00 
              00 00 00 
              00 00 00 
              00 00 00 
              00 00 00 
              00 00 00 
              00 00 00 
              00 00 00 
              00 00 00 
              00       Calories_sport_ordered
                               space            7*4
  123 00000038         
  124 00000038 00000006 
              00000514 
              00000003 
              000006A4 
              00000002 
              000004B0 
              00000004 
              0000076C Temp_food
                               DCD              0x06, 1300, 0x03, 1700, 0x02, 1
200, 0x04, 1900
  125 00000058 00000005 
              00000456 
              00000001 
              00000686 
              00000007 
              000003E8         DCD              0x05, 1110, 0x01, 1670, 0x07, 1
000
  126 00000070         
  127 00000070 00000002 
              000001F4 
              00000005 
              00000320 
              00000006 
              00000190 Temp_sport
                               DCD              0x02, 500, 0x05, 800, 0x06, 400
  128 00000088         
  129 00000088                 AREA             |.text|, CODE, READONLY, align=
3
  130 00000000         
  131 00000000         
  132 00000000         ; Reset Handler
  133 00000000         
  134 00000000         Reset_Handler
                               PROC
  135 00000000                 EXPORT           Reset_Handler             [WEAK
]
  136 00000000         
  137 00000000         ; your code here  
  138 00000000 00000038 
                       NUM_DAYS_FOOD



ARM Macro Assembler    Page 5 


                               EQU              56          ;total number of me
                                                            mory cell allocated
                                                            
  139 00000000 0000001C 
                       NUM_DAYS_SPORT
                               EQU              28          ;total number of me
                                                            mory cell allocated
                                                            
  140 00000000         
  141 00000000        0 
                       k       RN               0
  142 00000000        1 
                       i       RN               1
  143 00000000        2 
                       j       RN               2
  144 00000000         
  145 00000000        3 
                       calories
                               RN               3
  146 00000000         
  147 00000000        4 
                       calories_ordered
                               RN               4
  148 00000000         
  149 00000000        5 
                       curr_cal
                               RN               5
  150 00000000        6 
                       next_cal
                               RN               6
  151 00000000         
  152 00000000        7 
                       curr_pt RN               7
  153 00000000        8 
                       next_pt RN               8
  154 00000000         
  155 00000000        9 
                       curr_day
                               RN               9
  156 00000000        A 
                       next_day
                               RN               10
  157 00000000        B 
                       lowest_day_cal
                               RN               11
  158 00000000        C 
                       lowest_cal
                               RN               12
  159 00000000         
  160 00000000 F06F 4C70       MOV              lowest_cal, #0x0FFFFFFF
  161 00000004         
  162 00000004         ;------------------------;order food calories-----------
                       ----------------------------------;  
  163 00000004         
  164 00000004 4B4A            LDR              calories, =Calories_food
  165 00000006 4C4B            LDR              calories_ordered, =Temp_food
  166 00000008 F04F 0000       MOV              k, #0
  167 0000000C         
  168 0000000C         transfer_values_food



ARM Macro Assembler    Page 6 


  169 0000000C 5819            LDR              R1, [calories, k]
  170 0000000E 5021            STR              R1,  [calories_ordered, k]
  171 00000010 F100 0001       ADD              k, k, #1
  172 00000014 2838            CMP              k, #NUM_DAYS_FOOD
  173 00000016 DBF9            BLT              transfer_values_food
  174 00000018         
  175 00000018 F04F 0000       MOV              k, #0
  176 0000001C         Initialize_variable_food
  177 0000001C F04F 0100       MOV              i, #0       ;initialize iterato
                                                            rs
  178 00000020 F04F 0208       MOV              j, #8
  179 00000024         
  180 00000024         
  181 00000024 F04F 0704       MOV              curr_pt, #4 ;initialize pointer
                                                            s
  182 00000028 F04F 080C       MOV              next_pt, #12
  183 0000002C         
  184 0000002C         Loop_food
  185 0000002C F854 9001       LDR              curr_day, [calories_ordered, i]
 
                                                            ;load current day f
                                                            rom vector
  186 00000030 F854 A002       LDR              next_day, [calories_ordered, j]
 
                                                            ;load next day from
                                                             vector
  187 00000034         
  188 00000034 59E5            LDR              curr_cal, [calories_ordered, cu
rr_pt] 
                                                            ;load current cal f
                                                            rom vector
  189 00000036 F854 6008       LDR              next_cal, [calories_ordered, ne
xt_pt] 
                                                            ;load next cal from
                                                             vector
  190 0000003A         
  191 0000003A         ;check for lowest calories
  192 0000003A 45AC            CMP              lowest_cal, curr_cal
  193 0000003C BFA4 46CB       MOVGE            lowest_day_cal, curr_day
  194 00000040 46AC            MOVGE            lowest_cal, curr_cal
  195 00000042 45B4            CMP              lowest_cal, next_cal
  196 00000044 BFA4 46D3       MOVGE            lowest_day_cal, next_day
  197 00000048 46B4            MOVGE            lowest_cal, next_cal
  198 0000004A         
  199 0000004A 42B5            CMP              curr_cal, next_cal ;check which
                                                             is greater
  200 0000004C         
  201 0000004C         ;swap values if not ordered
  202 0000004C BFBF F844 
              9002             STRLT            curr_day, [calories_ordered, j]
  203 00000052 F844 A001       STRLT            next_day, [calories_ordered, i]
  204 00000056         
  205 00000056 F844 5008       STRLT            curr_cal, [calories_ordered, ne
xt_pt]
  206 0000005A 51E6            STRLT            next_cal, [calories_ordered, cu
rr_pt]
  207 0000005C         
  208 0000005C         
  209 0000005C F101 0108       ADD              i, i, #8



ARM Macro Assembler    Page 7 


  210 00000060 F102 0208       ADD              j, j, #8
  211 00000064 F101 0704       ADD              curr_pt, i, #4
  212 00000068 F102 0804       ADD              next_pt, j, #4
  213 0000006C 2A38            CMP              j, #NUM_DAYS_FOOD
  214 0000006E         
  215 0000006E DBDD            BLT              Loop_food   ;single sort of vec
                                                            tor
  216 00000070         
  217 00000070 F100 0008       ADD              k, k, #8
  218 00000074 2838            CMP              k, #NUM_DAYS_FOOD
  219 00000076 DBD1            BLT              Initialize_variable_food
  220 00000078         
  221 00000078         
  222 00000078         ;transfer days to ordered vector
  223 00000078 F04F 0100       MOV              i, #0
  224 0000007C F04F 0200       MOV              j, #0
  225 00000080 4C2D            LDR              calories_ordered, =Calories_foo
d_ordered
  226 00000082 4B2C            LDR              calories, =Temp_food
  227 00000084         Loop_food_day_ordered
  228 00000084 F853 9001       LDR              curr_day, [calories, i]
  229 00000088 F844 9002       STR              curr_day, [calories_ordered, j]
  230 0000008C F101 0108       ADD              i, i, #8
  231 00000090 F102 0204       ADD              j, j, #4
  232 00000094 2938            CMP              i, #NUM_DAYS_FOOD
  233 00000096 DBF5            BLT              Loop_food_day_ordered
  234 00000098         
  235 00000098         
  236 00000098         
  237 00000098         ;------------------------;order sport calories----------
                       -----------------------------------;
  238 00000098 4B28            LDR              calories, =Calories_sport
  239 0000009A 4C29            LDR              calories_ordered, =Temp_sport
  240 0000009C F04F 0000       MOV              k, #0
  241 000000A0         
  242 000000A0         transfer_values_sport
  243 000000A0 5819            LDR              R1, [calories, k]
  244 000000A2 5021            STR              R1, [calories_ordered, k]
  245 000000A4 F100 0001       ADD              k, k, #1
  246 000000A8 281C            CMP              k, #NUM_DAYS_SPORT
  247 000000AA DBF9            BLT              transfer_values_sport
  248 000000AC         
  249 000000AC         ;order food calories
  250 000000AC F04F 0000       MOV              k, #0
  251 000000B0         Initialize_variable_sport
  252 000000B0 F04F 0100       MOV              i, #0       ;initialize iterato
                                                            rs
  253 000000B4 F04F 0208       MOV              j, #8
  254 000000B8         
  255 000000B8         
  256 000000B8 F04F 0704       MOV              curr_pt, #4 ;initialize pointer
                                                            s
  257 000000BC F04F 080C       MOV              next_pt, #12
  258 000000C0         
  259 000000C0         Loop_sport
  260 000000C0 F854 9001       LDR              curr_day, [calories_ordered, i]
 
                                                            ;load current day f
                                                            rom vector



ARM Macro Assembler    Page 8 


  261 000000C4 F854 A002       LDR              next_day, [calories_ordered, j]
 
                                                            ;load next day from
                                                             vector
  262 000000C8         
  263 000000C8 59E5            LDR              curr_cal, [calories_ordered, cu
rr_pt] 
                                                            ;load current cal f
                                                            rom vector
  264 000000CA F854 6008       LDR              next_cal, [calories_ordered, ne
xt_pt] 
                                                            ;load next cal from
                                                             vector
  265 000000CE         
  266 000000CE         ;check for lowest calories
  267 000000CE 45AC            CMP              lowest_cal, curr_cal
  268 000000D0 BFA4 46CB       MOVGE            lowest_day_cal, curr_day
  269 000000D4 46AC            MOVGE            lowest_cal, curr_cal
  270 000000D6 45B4            CMP              lowest_cal, next_cal
  271 000000D8 BFA4 46D3       MOVGE            lowest_day_cal, next_day
  272 000000DC 46B4            MOVGE            lowest_cal, next_cal
  273 000000DE         
  274 000000DE 42B5            CMP              curr_cal, next_cal ;check which
                                                             is greater
  275 000000E0         
  276 000000E0         ;swap values if not ordered
  277 000000E0 BFBF F844 
              9002             STRLT            curr_day, [calories_ordered, j]
  278 000000E6 F844 A001       STRLT            next_day, [calories_ordered, i]
  279 000000EA         
  280 000000EA F844 5008       STRLT            curr_cal, [calories_ordered, ne
xt_pt]
  281 000000EE 51E6            STRLT            next_cal, [calories_ordered, cu
rr_pt]
  282 000000F0         
  283 000000F0         
  284 000000F0 F101 0108       ADD              i, i, #8
  285 000000F4 F102 0208       ADD              j, j, #8
  286 000000F8 F101 0704       ADD              curr_pt, i, #4
  287 000000FC F102 0804       ADD              next_pt, j, #4
  288 00000100 2A1C            CMP              j, #NUM_DAYS_SPORT
  289 00000102         
  290 00000102 DBDD            BLT              Loop_sport  ;single sort of vec
                                                            tor
  291 00000104         
  292 00000104 F100 0008       ADD              k, k, #8
  293 00000108 281C            CMP              k, #NUM_DAYS_SPORT
  294 0000010A DBD1            BLT              Initialize_variable_sport
  295 0000010C         
  296 0000010C         
  297 0000010C         
  298 0000010C         
  299 0000010C         ;transfer days to ordered vector
  300 0000010C F04F 0100       MOV              i, #0
  301 00000110 F04F 0200       MOV              j, #0
  302 00000114 4C0B            LDR              calories_ordered, =Calories_spo
rt_ordered
  303 00000116 4B0A            LDR              calories, =Temp_sport
  304 00000118         



ARM Macro Assembler    Page 9 


  305 00000118         
  306 00000118         Loop_sport_day_ordered
  307 00000118 F853 9001       LDR              curr_day, [calories, i]
  308 0000011C F844 9002       STR              curr_day, [calories_ordered, j]
  309 00000120 F101 0108       ADD              i, i, #8
  310 00000124 F102 0204       ADD              j, j, #4
  311 00000128 291C            CMP              i, #NUM_DAYS_SPORT
  312 0000012A DBF5            BLT              Loop_sport_day_ordered
  313 0000012C         
  314 0000012C         
  315 0000012C E7FE            B                .
  316 0000012E                 ENDP
  317 0000012E         
  318 0000012E 00 00 00000000 
              00000000 
              00000000 
              00000000 
              00000000 
              00000000         LTORG
  319 00000148 00 00 00 
              00 00 00 
              00 00 00 
              00 00 00 
              00 00 00 
              00 00 00 
              00 00 00 
              00 00 00 
              00 00 00 
              00 00 00 
              00 00 00 
              00 00 00 
              00 00 00 
              00 00 00 
              00 00 00 
              00 00 00 
              00 00 00 
              00 00 00 
              00 00 00 
              00 00 00 
              00 00 00 
              00 00 00 
              00 00 00 
              00 00 00 
              00 00 00 
              00 00 00 
              00 00 00 
              00 00 00 
              00 00 00 
              00 00 00 
              00 00 00 
              00 00 00 
              00 00 00 
              00 00 00 
              00 00 00 
              00 00 00 
              00 00 00 
              00 00 00 
              00 00 00 
              00 00 00 



ARM Macro Assembler    Page 10 


              00 00 00 
              00 00 00 
              00 00 00 
              00 00 00 
              00 00 00 
              00 00 00 
              00 00 00 
              00 00 00 
              00 00 00 
              00 00 00 
              00 00 00 
              00 00 00 
              00 00 00 
              00 00 00 
              00 00 00 
              00 00 00 
              00 00 00 
              00 00 00 
              00 00 00 
              00 00 00 
              00 00 00 
              00 00 00 
              00 00 00 
              00 00 00 
              00 00 00 
              00 00 00 
              00 00 00 
              00 00 00 
              00 00 00 
              00 00 00 
              00 00 00 
              00 00 00 
              00 00 00 
              00 00 00 
              00 00 00 
              00 00 00 
              00 00 00 
              00 00 00 
              00 00 00 
              00 00 00 
              00 00 00 
              00 00 00 
              00 00 00 
              00 00 00 
              00 00 00 
              00 00 00 
              00 00 00 
              00 00 00 
              00 00 00 
              00 00 00 
              00 00 00 
              00 00 00 
              00 00 00 
              00 00 00 
              00 00 00 
              00 00 00 
              00 00 00 
              00 00 00 
              00 00 00 



ARM Macro Assembler    Page 11 


              00 00 00 
              00 00 00 
              00 00 00 
              00 00 00 
              00 00 00 
              00 00 00 
              00 00 00 
              00 00 00 
              00 00 00 
              00 00 00 
              00 00 00 
              00 00 00 
              00 00 00 
              00 00 00 
              00 00 00 
              00 00 00 
              00 00 00 
              00 00 00 
              00 00 00 
              00 00 00 
              00 00 00 
              00 00 00 
              00 00 00 
              00 00 00 
              00 00 00 
              00 00 00 
              00 00 00 
              00 00 00 
              00 00 00 
              00 00 00 
              00 00 00 
              00 00 00 
              00 00 00 
              00 00 00 
              00 00 00 
              00 00 00 
              00 00 00 
              00 00 00 
              00 00 00 
              00 00 00 
              00 00 00 
              00 00 00 
              00 00 00 
              00 00 00 
              00 00 00 
              00 00 00 
              00 00 00 
              00 00 00 
              00 00 00 
              00 00 00 
              00 00 00 
              00 00 00 
              00 00 00 
              00 00 00 
              00 00 00 
              00 00 00 
              00 00 00 
              00 00 00 
              00 00 00 



ARM Macro Assembler    Page 12 


              00 00 00 
              00 00 00 
              00 00 00 
              00 00 00 
              00 00 00 
              00 00 00 
              00 00 00 
              00 00 00 
              00 00 00 
              00 00 00 
              00 00 00 
              00 00 00 
              00 00 00 
              00 00 00 
              00 00 00 
              00 00 00 
              00 00 00 
              00 00 00 
              00 00 00 
              00 00 00 
              00 00 00 
              00 00 00 
              00 00 00 
              00 00 00 
              00 00 00 
              00 00 00 
              00 00 00 
              00 00 00 
              00 00 00 
              00 00 00 
              00 00 00 
              00 00 00 
              00 00 00 
              00 00 00 
              00 00 00 
              00 00 00 
              00 00 00 
              00 00 00 
              00 00 00 
              00 00 00 
              00 00 00 
              00 00 00 
              00 00 00 
              00 00 00 
              00 00 00 
              00 00 00 
              00 00 00 
              00 00 00 
              00 00 00 
              00 00 00 
              00 00 00 
              00 00 00 
              00 00 00 
              00 00 00 
              00 00 00 
              00 00 00 
              00 00 00 
              00 00 00 
              00 00 00 



ARM Macro Assembler    Page 13 


              00 00 00 
              00 00 00 
              00 00 00 
              00 00 00 
              00 00 00 
              00 00 00 
              00 00 00 
              00 00 00 
              00 00 00 
              00 00 00 
              00 00 00 
              00 00 00 
              00 00 00 
              00 00 00 
              00 00 00 
              00 00 00 
              00 00 00 
              00 00 00 
              00 00 00 
              00 00 00 
              00 00 00 
              00 00 00 
              00 00 00 
              00 00 00 
              00 00 00 
              00 00 00 
              00 00 00 
              00 00 00 
              00 00 00 
              00 00 00 
              00 00 00 
              00 00 00 
              00 00 00 
              00 00 00 
              00 00 00 
              00 00 00 
              00 00 00 
              00 00 00 
              00 00 00 
              00 00 00 
              00 00 00 
              00 00 00 
              00 00 00 
              00 00 00 
              00 00 00 
              00 00 00 
              00 00 00 
              00 00 00 
              00 00 00 
              00 00 00 
              00 00 00 
              00 00 00 
              00 00 00 
              00 00 00 
              00 00 00 
              00 00 00 
              00 00 00 
              00 00 00 
              00 00 00 



ARM Macro Assembler    Page 14 


              00 00 00 
              00 00 00 
              00 00 00 
              00 00 00 
              00 00 00 
              00 00 00 
              00 00 00 
              00 00 00 
              00 00 00 
              00 00 00 
              00 00 00 
              00 00 00 
              00 00 00 
              00 00 00 
              00 00 00 
              00 00 00 
              00 00 00 
              00 00 00 
              00 00 00 
              00 00 00 
              00 00 00 
              00 00 00 
              00 00 00 
              00 00 00 
              00 00 00 
              00 00 00 
              00 00 00 
              00 00 00 
              00 00 00 
              00 00 00 
              00 00 00 
              00 00 00 
              00 00 00 
              00 00 00 
              00 00 00 
              00 00 00 
              00 00 00 
              00 00 00 
              00 00 00 
              00 00 00 
              00 00 00 
              00 00 00 
              00 00 00 
              00 00 00 
              00 00 00 
              00 00 00 
              00 00 00 
              00 00 00 
              00 00 00 
              00 00 00 
              00 00 00 
              00 00 00 
              00 00 00 
              00 00 00 
              00 00 00 
              00 00 00 
              00 00 00 
              00 00 00 
              00 00 00 



ARM Macro Assembler    Page 15 


              00 00 00 
              00 00 00 
              00 00 00 
              00 00 00 
              00 00 00 
              00 00 00 
              00 00 00 
              00 00 00 
              00 00 00 
              00 00 00 
              00 00 00 
              00 00 00 
              00 00 00 
              00 00 00 
              00 00 00 
              00 00 00 
              00 00 00 
              00 00 00 
              00 00 00 
              00 00 00 
              00 00 00 
              00 00 00 
              00 00 00 
              00 00 00 
              00 00 00 
              00 00 00 
              00 00 00 
              00 00 00 
              00 00 00 
              00 00 00 
              00 00 00 
              00 00 00 
              00 00 00 
              00 00 00 
              00 00 00 
              00 00 00 
              00 00 00 
              00 00 00 
              00 00 00 
              00 00 00 
              00 00 00 
              00 00 00 
              00 00 00 
              00 00 00 
              00 00 00 
              00 00 00 
              00 00 00 
              00 00 00 
              00 00 00 
              00 00 00 
              00 00 00 
              00 00 00 
              00 00 00 
              00 00 00 
              00 00 00 
              00 00 00 
              00 00 00 
              00 00 00 
              00 00 00 



ARM Macro Assembler    Page 16 


              00 00 00 
              00 00 00 
              00 00 00 
              00 00 00 
              00 00 00 
              00 00 00 
              00 00 00 
              00 00 00 
              00 00 00 
              00 00 00 
              00 00 00 
              00 00 00 
              00 00 00 
              00 00 00 
              00 00 00 
              00 00 00 
              00 00 00 
              00 00 00 
              00 00 00 
              00 00 00 
              00 00 00 
              00 00 00 
              00 00 00 
              00 00 00 
              00 00 00 
              00 00 00 
              00 00 00 
              00 00 00 
              00 00 00 
              00 00 00 
              00 00 00 
              00 00 00 
              00 00 00 
              00 00 00 
              00 00 00 
              00 00 00 
              00 00 00 
              00 00 00 
              00 00 00 
              00 00 00 
              00 00 00 
              00 00 00 
              00 00 00 
              00 00 00 
              00 00 00 
              00 00 00 
              00 00 00 
              00 00 00 
              00 00 00 
              00 00 00 
              00 00 00 
              00 00 00 
              00 00 00 
              00 00 00 
              00 00 00 
              00 00 00 
              00 00 00 
              00 00 00 
              00 00 00 



ARM Macro Assembler    Page 17 


              00 00 00 
              00 00 00 
              00 00 00 
              00 00 00 
              00 00 00 
              00 00 00 
              00 00 00 
              00 00 00 
              00 00 00 
              00 00 00 
              00 00 00 
              00 00 00 
              00 00 00 
              00 00 00 
              00 00 00 
              00 00 00 
              00 00 00 
              00 00 00 
              00 00 00 
              00 00 00 
              00 00 00 
              00 00 00 
              00 00 00 
              00 00 00 
              00 00 00 
              00 00 00 
              00 00 00 
              00 00 00 
              00 00 00 
              00 00 00 
              00 00 00 
              00 00 00 
              00 00 00 
              00 00 00 
              00 00 00 
              00 00 00 
              00 00 00 
              00 00 00 
              00 00 00 
              00 00 00 
              00 00 00 
              00 00 00 
              00 00 00 
              00 00 00 
              00 00 00 
              00 00 00 
              00 00 00 
              00 00 00 
              00 00 00 
              00 00 00 
              00 00 00 
              00 00 00 
              00 00 00 
              00 00 00 
              00 00 00 
              00 00 00 
              00 00 00 
              00 00 00 
              00 00 00 



ARM Macro Assembler    Page 18 


              00 00 00 
              00 00 00 
              00 00 00 
              00 00 00 
              00 00 00 
              00 00 00 
              00 00 00 
              00 00 00 
              00 00 00 
              00 00 00 
              00 00 00 
              00 00 00 
              00 00 00 
              00 00 00 
              00 00 00 
              00 00 00 
              00 00 00 
              00 00 00 
              00 00 00 
              00 00 00 
              00 00 00 
              00 00 00 
              00 00 00 
              00 00 00 
              00 00 00 
              00 00 00 
              00 00 00 
              00 00 00 
              00 00 00 
              00 00 00 
              00 00 00 
              00 00 00 
              00 00 00 
              00 00 00 
              00 00 00 
              00 00 00 
              00 00 00 
              00 00 00 
              00 00 00 
              00 00 00 
              00 00 00 
              00 00 00 
              00 00 00 
              00 00 00 
              00 00 00 
              00 00 00 
              00 00 00 
              00 00 00 
              00 00 00 
              00 00 00 
              00 00 00 
              00 00 00 
              00 00 00 
              00 00 00 
              00 00 00 
              00 00 00 
              00 00 00 
              00 00 00 
              00 00 00 



ARM Macro Assembler    Page 19 


              00 00 00 
              00 00 00 
              00 00 00 
              00 00 00 
              00 00 00 
              00 00 00 
              00 00 00 
              00 00 00 
              00 00 00 
              00 00 00 
              00 00 00 
              00 00 00 
              00 00 00 
              00 00 00 
              00 00 00 
              00 00 00 
              00 00 00 
              00 00 00 
              00 00 00 
              00 00 00 
              00 00 00 
              00 00 00 
              00 00 00 
              00 00 00 
              00 00 00 
              00 00 00 
              00 00 00 
              00 00 00 
              00 00 00 
              00 00 00 
              00 00 00 
              00 00 00 
              00 00 00 
              00 00 00 
              00 00 00 
              00 00 00 
              00 00 00 
              00 00 00 
              00 00 00 
              00 00 00 
              00 00 00 
              00 00 00 
              00 00 00 
              00 00 00 
              00 00 00 
              00 00 00 
              00 00 00 
              00 00 00 
              00 00 00 
              00 00 00 
              00 00 00 
              00 00 00 
              00 00 00 
              00 00 00 
              00 00 00 
              00 00 00 
              00 00 00 
              00 00 00 
              00 00 00 



ARM Macro Assembler    Page 20 


              00 00 00 
              00 00 00 
              00 00 00 
              00 00 00 
              00 00 00 
              00 00 00 
              00 00 00 
              00 00 00 
              00 00 00 
              00 00 00 
              00 00 00 
              00 00 00 
              00 00 00 
              00 00 00 
              00 00 00 
              00 00 00 
              00 00 00 
              00 00 00 
              00 00 00 
              00 00 00 
              00 00 00 
              00 00 00 
              00 00 00 
              00 00 00 
              00 00 00 
              00 00 00 
              00 00 00 
              00 00 00 
              00 00 00 
              00 00 00 
              00 00 00 
              00 00 00 
              00 00 00 
              00 00 00 
              00 00 00 
              00 00 00 
              00 00 00 
              00 00 00 
              00 00 00 
              00 00 00 
              00 00 00 
              00 00 00 
              00 00 00 
              00 00 00 
              00 00 00 
              00 00 00 
              00 00 00 
              00 00 00 
              00 00 00 
              00 00 00 
              00 00 00 
              00 00 00 
              00 00 00 
              00 00 00 
              00 00 00 
              00 00 00 
              00 00 00 
              00 00 00 
              00 00 00 



ARM Macro Assembler    Page 21 


              00 00 00 
              00 00 00 
              00 00 00 
              00 00 00 
              00 00 00 
              00 00 00 
              00 00 00 
              00 00 00 
              00 00 00 
              00 00 00 
              00 00 00 
              00 00 00 
              00 00 00 
              00 00 00 
              00 00 00 
              00 00 00 
              00 00 00 
              00 00 00 
              00 00 00 
              00 00 00 
              00 00 00 
              00 00 00 
              00 00 00 
              00 00 00 
              00 00 00 
              00 00 00 
              00 00 00 
              00 00 00 
              00 00 00 
              00 00 00 
              00 00 00 
              00 00 00 
              00 00 00 
              00 00 00 
              00 00 00 
              00 00 00 
              00 00 00 
              00 00 00 
              00 00 00 
              00 00 00 
              00 00 00 
              00 00 00 
              00 00 00 
              00 00 00 
              00 00 00 
              00 00 00 
              00 00 00 
              00 00 00 
              00 00 00 
              00 00 00 
              00 00 00 
              00 00 00 
              00 00 00 
              00 00 00 
              00 00 00 
              00 00 00 
              00 00 00 
              00 00 00 
              00 00 00 



ARM Macro Assembler    Page 22 


              00 00 00 
              00 00 00 
              00 00 00 
              00 00 00 
              00 00 00 
              00 00 00 
              00 00 00 
              00 00 00 
              00 00 00 
              00 00 00 
              00 00 00 
              00 00 00 
              00 00 00 
              00 00 00 
              00 00 00 
              00 00 00 
              00 00 00 
              00 00 00 
              00 00 00 
              00 00 00 
              00 00 00 
              00 00 00 
              00 00 00 
              00 00 00 
              00 00 00 
              00 00 00 
              00 00 00 
              00 00 00 
              00 00 00 
              00 00 00 
              00 00 00 
              00 00 00 
              00 00 00 
              00 00 00 
              00 00 00 
              00 00 00 
              00 00 00 
              00 00 00 
              00 00 00 
              00 00 00 
              00 00 00 
              00 00 00 
              00 00 00 
              00 00 00 
              00 00 00 
              00 00 00 
              00 00 00 
              00 00 00 
              00 00 00 
              00 00 00 
              00 00 00 
              00 00 00 
              00 00 00 
              00 00 00 
              00 00 00 
              00 00 00 
              00 00 00 
              00 00 00 
              00 00 00 



ARM Macro Assembler    Page 23 


              00 00 00 
              00 00 00 
              00 00 00 
              00 00 00 
              00 00 00 
              00 00 00 
              00 00 00 
              00 00 00 
              00 00 00 
              00 00 00 
              00 00 00 
              00 00 00 
              00 00 00 
              00 00 00 
              00 00 00 
              00 00 00 
              00 00 00 
              00 00 00 
              00 00 00 
              00 00 00 
              00 00 00 
              00 00 00 
              00 00 00 
              00 00 00 
              00 00 00 
              00 00 00 
              00 00 00 
              00 00 00 
              00 00 00 
              00 00 00 
              00 00 00 
              00 00 00 
              00 00 00 
              00 00 00 
              00 00 00 
              00 00 00 
              00 00 00 
              00 00 00 
              00 00 00 
              00 00 00 
              00 00 00 
              00 00 00 
              00 00 00 
              00 00 00 
              00 00 00 
              00 00 00 
              00 00 00 
              00 00 00 
              00 00 00 
              00 00 00 
              00 00 00 
              00 00 00 
              00 00 00 
              00 00 00 
              00 00 00 
              00 00 00 
              00 00 00 
              00 00 00 
              00 00 00 



ARM Macro Assembler    Page 24 


              00 00 00 
              00 00 00 
              00 00 00 
              00 00 00 
              00 00 00 
              00 00 00 
              00 00 00 
              00 00 00 
              00 00 00 
              00 00 00 
              00 00 00 
              00 00 00 
              00 00 00 
              00 00 00 
              00 00 00 
              00 00 00 
              00 00 00 
              00 00 00 
              00 00 00 
              00 00 00 
              00 00 00 
              00 00 00 
              00 00 00 
              00 00 00 
              00 00 00 
              00 00 00 
              00 00 00 
              00 00 00 
              00 00 00 
              00 00 00 
              00 00 00 
              00 00 00 
              00 00 00 
              00 00 00 
              00 00 00 
              00 00 00 
              00 00 00 
              00 00 00 
              00 00 00 
              00 00 00 
              00 00 00 
              00 00 00 
              00 00 00 
              00 00 00 
              00 00 00 
              00 00 00 
              00 00 00 
              00 00 00 
              00 00 00 
              00 00 00 
              00 00 00 
              00 00 00 
              00 00 00 
              00 00 00 
              00 00 00 
              00 00 00 
              00 00 00 
              00 00 00 
              00 00 00 



ARM Macro Assembler    Page 25 


              00 00 00 
              00 00 00 
              00 00 00 
              00 00 00 
              00 00 00 
              00 00 00 
              00 00 00 
              00 00 00 
              00 00 00 
              00 00 00 
              00 00 00 
              00 00 00 
              00 00 00 
              00 00 00 
              00 00 00 
              00 00 00 
              00 00 00 
              00 00 00 
              00 00 00 
              00 00 00 
              00 00 00 
              00 00 00 
              00 00 00 
              00 00 00 
              00 00 00 
              00 00 00 
              00 00 00 
              00 00 00 
              00 00 00 
              00 00 00 
              00 00 00 
              00 00 00 
              00 00 00 
              00 00 00 
              00 00 00 
              00 00 00 
              00 00 00 
              00 00 00 
              00 00 00 
              00 00 00 
              00 00 00 
              00 00 00 
              00 00 00 
              00 00 00 
              00 00 00 
              00 00 00 
              00 00 00 
              00 00 00 
              00 00 00 
              00 00 00 
              00 00 00 
              00 00 00 
              00 00 00 
              00 00 00 
              00 00 00 
              00 00 00 
              00 00 00 
              00 00 00 
              00 00 00 



ARM Macro Assembler    Page 26 


              00 00 00 
              00 00 00 
              00 00 00 
              00 00 00 
              00 00 00 
              00 00 00 
              00 00 00 
              00 00 00 
              00 00 00 
              00 00 00 
              00 00 00 
              00 00 00 
              00 00 00 
              00 00 00 
              00 00 00 
              00 00 00 
              00 00 00 
              00 00 00 
              00 00 00 
              00 00 00 
              00 00 00 
              00 00 00 
              00 00 00 
              00 00 00 
              00 00 00 
              00 00 00 
              00 00 00 
              00 00 00 
              00 00 00 
              00 00 00 
              00 00 00 
              00 00 00 
              00 00 00 
              00 00 00 
              00 00 00 
              00 00 00 
              00 00 00 
              00 00 00 
              00 00 00 
              00 00 00 
              00 00 00 
              00 00 00 
              00 00 00 
              00 00 00 
              00 00 00 
              00 00 00 
              00 00 00 
              00 00 00 
              00 00 00 
              00 00 00 
              00 00 00 
              00 00 00 
              00 00 00 
              00 00 00 
              00 00 00 
              00 00 00 
              00 00 00 
              00 00 00 
              00 00 00 



ARM Macro Assembler    Page 27 


              00 00 00 
              00 00 00 
              00 00 00 
              00 00 00 
              00 00 00 
              00 00 00 
              00 00 00 
              00 00 00 
              00 00 00 
              00 00 00 
              00 00 00 
              00 00 00 
              00 00 00 
              00 00 00 
              00 00 00 
              00 00 00 
              00 00 00 
              00 00 00 
              00 00 00 
              00 00 00 
              00 00 00 
              00 00 00 
              00 00 00 
              00 00 00 
              00 00 00 
              00 00 00 
              00 00 00 
              00 00 00 
              00 00 00 
              00 00 00 
              00 00 00 
              00 00 00 
              00 00 00 
              00 00 00 
              00 00 00 
              00 00 00 
              00 00 00 
              00 00 00 
              00 00 00 
              00 00 00 
              00 00 00 
              00 00 00 
              00 00 00 
              00 00 00 
              00 00 00 
              00 00 00 
              00 00 00 
              00 00 00 
              00 00 00 
              00 00 00 
              00 00 00 
              00 00 00 
              00 00 00 
              00 00 00 
              00 00 00 
              00 00 00 
              00 00 00 
              00 00 00 
              00 00 00 



ARM Macro Assembler    Page 28 


              00 00 00 
              00 00 00 
              00 00 00 
              00 00 00 
              00 00 00 
              00 00 00 
              00 00 00 
              00 00 00 
              00 00 00 
              00 00 00 
              00 00 00 
              00 00 00 
              00 00 00 
              00 00 00 
              00 00 00 
              00 00 00 
              00 00 00 
              00 00 00 
              00 00 00 
              00 00 00 
              00 00 00 
              00 00 00 
              00 00 00 
              00 00 00 
              00 00 00 
              00 00 00 
              00 00 00 
              00 00 00 
              00 00 00 
              00 00 00 
              00 00 00 
              00 00 00 
              00 00 00 
              00 00 00 
              00 00 00 
              00 00 00 
              00 00 00 
              00 00 00 
              00 00 00 
              00 00 00 
              00 00 00 
              00 00 00 
              00 00 00 
              00 00 00 
              00 00 00 
              00 00 00 
              00 00 00 
              00 00 00 
              00 00 00 
              00 00 00 
              00 00 00 
              00 00 00 
              00 00 00 
              00 00 00 
              00 00 00 
              00 00 00 
              00 00 00 
              00 00 00 
              00 00 00 



ARM Macro Assembler    Page 29 


              00 00 00 
              00 00 00 
              00 00 00 
              00 00 00 
              00 00 00 
              00 00 00 
              00 00 00 
              00 00 00 
              00 00 00 
              00 00 00 
              00 00 00 
              00 00 00 
              00 00 00 
              00 00 00 
              00 00 00 
              00 00 00 
              00 00 00 
              00 00 00 
              00 00 00 
              00 00 00 
              00 00 00 
              00 00 00 
              00 00 00 
              00 00 00 
              00 00 00 
              00 00 00 
              00 00 00 
              00 00 00 
              00 00 00 
              00 00 00 
              00 00 00 
              00 00 00 
              00 00 00 
              00 00 00 
              00 00 00 
              00 00 00 
              00 00 00 
              00 00 00 
              00 00 00 
              00 00 00 
              00 00 00 
              00 00 00 
              00 00 00 
              00 00 00 
              00 00 00 
              00 00 00 
              00 00 00 
              00 00 00 
              00 00 00 
              00 00 00 
              00 00 00 
              00 00 00 
              00 00 00 
              00 00 00 
              00 00 00 
              00 00 00 
              00 00 00 
              00 00 00 
              00 00 00 



ARM Macro Assembler    Page 30 


              00 00 00 
              00 00 00 
              00 00 00 
              00 00 00 
              00 00 00 
              00 00 00 
              00 00 00 
              00 00 00 
              00 00 00 
              00 00 00 
              00 00 00 
              00 00 00 
              00 00 00 
              00 00 00 
              00 00 00 
              00 00 00 
              00 00 00 
              00 00 00 
              00 00 00 
              00 00 00 
              00 00 00 
              00 00 00 
              00 00 00 
              00 00 00 
              00 00 00 
              00 00 00 
              00 00 00 
              00 00 00 
              00 00 00 
              00 00 00 
              00 00 00 
              00 00 00 
              00 00 00 
              00 00 00 
              00 00 00 
              00 00 00 
              00 00 00 
              00 00 00 
              00 00 00 
              00 00 00 
              00 00 00 
              00 00 00 
              00 00 00 
              00 00 00 
              00 00 00 
              00 00 00 
              00 00 00 
              00 00 00 
              00 00 00 
              00 00 00 
              00 00 00 
              00 00 00 
              00 00 00 
              00 00 00 
              00 00 00 
              00 00 00 
              00 00 00 
              00 00 00 
              00 00 00 



ARM Macro Assembler    Page 31 


              00 00 00 
              00 00 00 
              00 00 00 
              00 00 00 
              00 00 00 
              00 00 00 
              00 00 00 
              00 00 00 
              00 00 00 
              00 00 00 
              00 00 00 
              00 00 00 
              00 00 00 
              00 00 00 
              00 00 00 
              00 00 00 
              00 00 00 
              00 00 00 
              00 00 00 
              00 00 00 
              00 00 00 
              00 00 00 
              00 00 00 
              00 00 00 
              00 00 00 
              00 00 00 
              00 00 00 
              00 00 00 
              00 00 00 
              00 00 00 
              00 00 00 
              00 00 00 
              00 00 00 
              00 00 00 
              00 00 00 
              00 00 00 
              00 00 00 
              00 00 00 
              00 00 00 
              00 00 00 
              00 00 00 
              00 00 00 
              00 00 00 
              00 00 00 
              00 00 00 
              00 00 00 
              00 00 00 
              00 00 00 
              00 00 00 
              00 00 00 
              00 00 00 
              00 00 00 
              00 00 00 
              00 00 00 
              00 00 00 
              00 00 00 
              00 00 00 
              00 00 00 
              00 00 00 



ARM Macro Assembler    Page 32 


              00 00 00 
              00 00 00 
              00 00 00 
              00 00 00 
              00 00 00 
              00 00 00 
              00 00 00 
              00 00 00 
              00 00 00 
              00 00 00 
              00 00 00 
              00 00 00 
              00 00 00 
              00 00 00 
              00 00 00 
              00 00 00 
              00 00 00 
              00 00 00 
              00 00 00 
              00 00 00 
              00 00 00 
              00 00 00 
              00 00 00 
              00 00 00 
              00 00 00 
              00 00 00 
              00 00 00 
              00       Boundary
                               space            4096
  320 00001148         
  321 00001148 01 02 03 
              04 05 06 
              07       Days    DCB              0x01, 0x02, 0x03, 0x04, 0x05, 0
x06, 0x07
  322 0000114F         
  323 0000114F 00 00000006 
              00000514 
              00000003 
              000006A4 
              00000002 
              000004B0 
              00000004 
              0000076C Calories_food
                               DCD              0x06, 1300, 0x03, 1700, 0x02, 1
200, 0x04, 1900
  324 00001170 00000005 
              00000456 
              00000001 
              00000686 
              00000007 
              000003E8         DCD              0x05, 1110, 0x01, 1670, 0x07, 1
000
  325 00001188         
  326 00001188 00000002 
              000001F4 
              00000005 
              00000320 
              00000006 
              00000190 Calories_sport



ARM Macro Assembler    Page 33 


                               DCD              0x02, 500, 0x05, 800, 0x06, 400
  327 000011A0         
  328 000011A0 07      Num_days
                               DCB              7
  329 000011A1 03      Num_days_sport
                               DCB              3
  330 000011A2         
  331 000011A2         
  332 000011A2         
  333 000011A2         
  334 000011A2         
  335 000011A2         ; Dummy Exception Handlers (infinite loops which can be 
                       modified)
  336 000011A2         
  337 000011A2         NMI_Handler
                               PROC
  338 000011A2                 EXPORT           NMI_Handler               [WEAK
]
  339 000011A2 E7FE            B                .
  340 000011A4                 ENDP
  342 000011A4         HardFault_Handler
                               PROC
  343 000011A4                 EXPORT           HardFault_Handler         [WEAK
]
  344 000011A4 E7FE            B                .
  345 000011A6                 ENDP
  347 000011A6         MemManage_Handler
                               PROC
  348 000011A6                 EXPORT           MemManage_Handler         [WEAK
]
  349 000011A6 E7FE            B                .
  350 000011A8                 ENDP
  352 000011A8         BusFault_Handler
                               PROC
  353 000011A8                 EXPORT           BusFault_Handler          [WEAK
]
  354 000011A8 E7FE            B                .
  355 000011AA                 ENDP
  357 000011AA         UsageFault_Handler
                               PROC
  358 000011AA                 EXPORT           UsageFault_Handler        [WEAK
]
  359 000011AA E7FE            B                .
  360 000011AC                 ENDP
  361 000011AC         SVC_Handler
                               PROC
  362 000011AC                 EXPORT           SVC_Handler               [WEAK
]
  363 000011AC E7FE            B                .
  364 000011AE                 ENDP
  366 000011AE         DebugMon_Handler
                               PROC
  367 000011AE                 EXPORT           DebugMon_Handler          [WEAK
]
  368 000011AE E7FE            B                .
  369 000011B0                 ENDP
  370 000011B0         PendSV_Handler
                               PROC
  371 000011B0                 EXPORT           PendSV_Handler            [WEAK



ARM Macro Assembler    Page 34 


]
  372 000011B0 E7FE            B                .
  373 000011B2                 ENDP
  374 000011B2         SysTick_Handler
                               PROC
  375 000011B2                 EXPORT           SysTick_Handler           [WEAK
]
  376 000011B2 E7FE            B                .
  377 000011B4                 ENDP
  378 000011B4         
  379 000011B4         Default_Handler
                               PROC
  380 000011B4         
  381 000011B4                 EXPORT           WDT_IRQHandler            [WEAK
]
  382 000011B4                 EXPORT           TIMER0_IRQHandler         [WEAK
]
  383 000011B4                 EXPORT           TIMER1_IRQHandler         [WEAK
]
  384 000011B4                 EXPORT           TIMER2_IRQHandler         [WEAK
]
  385 000011B4                 EXPORT           TIMER3_IRQHandler         [WEAK
]
  386 000011B4                 EXPORT           UART0_IRQHandler          [WEAK
]
  387 000011B4                 EXPORT           UART1_IRQHandler          [WEAK
]
  388 000011B4                 EXPORT           UART2_IRQHandler          [WEAK
]
  389 000011B4                 EXPORT           UART3_IRQHandler          [WEAK
]
  390 000011B4                 EXPORT           PWM1_IRQHandler           [WEAK
]
  391 000011B4                 EXPORT           I2C0_IRQHandler           [WEAK
]
  392 000011B4                 EXPORT           I2C1_IRQHandler           [WEAK
]
  393 000011B4                 EXPORT           I2C2_IRQHandler           [WEAK
]
  394 000011B4                 EXPORT           SPI_IRQHandler            [WEAK
]
  395 000011B4                 EXPORT           SSP0_IRQHandler           [WEAK
]
  396 000011B4                 EXPORT           SSP1_IRQHandler           [WEAK
]
  397 000011B4                 EXPORT           PLL0_IRQHandler           [WEAK
]
  398 000011B4                 EXPORT           RTC_IRQHandler            [WEAK
]
  399 000011B4                 EXPORT           EINT0_IRQHandler          [WEAK
]
  400 000011B4                 EXPORT           EINT1_IRQHandler          [WEAK
]
  401 000011B4                 EXPORT           EINT2_IRQHandler          [WEAK
]
  402 000011B4                 EXPORT           EINT3_IRQHandler          [WEAK
]
  403 000011B4                 EXPORT           ADC_IRQHandler            [WEAK
]



ARM Macro Assembler    Page 35 


  404 000011B4                 EXPORT           BOD_IRQHandler            [WEAK
]
  405 000011B4                 EXPORT           USB_IRQHandler            [WEAK
]
  406 000011B4                 EXPORT           CAN_IRQHandler            [WEAK
]
  407 000011B4                 EXPORT           DMA_IRQHandler            [WEAK
]
  408 000011B4                 EXPORT           I2S_IRQHandler            [WEAK
]
  409 000011B4                 EXPORT           ENET_IRQHandler           [WEAK
]
  410 000011B4                 EXPORT           RIT_IRQHandler            [WEAK
]
  411 000011B4                 EXPORT           MCPWM_IRQHandler          [WEAK
]
  412 000011B4                 EXPORT           QEI_IRQHandler            [WEAK
]
  413 000011B4                 EXPORT           PLL1_IRQHandler           [WEAK
]
  414 000011B4                 EXPORT           USBActivity_IRQHandler    [WEAK
]
  415 000011B4                 EXPORT           CANActivity_IRQHandler    [WEAK
]
  416 000011B4         
  417 000011B4         WDT_IRQHandler
  418 000011B4         TIMER0_IRQHandler
  419 000011B4         TIMER1_IRQHandler
  420 000011B4         TIMER2_IRQHandler
  421 000011B4         TIMER3_IRQHandler
  422 000011B4         UART0_IRQHandler
  423 000011B4         UART1_IRQHandler
  424 000011B4         UART2_IRQHandler
  425 000011B4         UART3_IRQHandler
  426 000011B4         PWM1_IRQHandler
  427 000011B4         I2C0_IRQHandler
  428 000011B4         I2C1_IRQHandler
  429 000011B4         I2C2_IRQHandler
  430 000011B4         SPI_IRQHandler
  431 000011B4         SSP0_IRQHandler
  432 000011B4         SSP1_IRQHandler
  433 000011B4         PLL0_IRQHandler
  434 000011B4         RTC_IRQHandler
  435 000011B4         EINT0_IRQHandler
  436 000011B4         EINT1_IRQHandler
  437 000011B4         EINT2_IRQHandler
  438 000011B4         EINT3_IRQHandler
  439 000011B4         ADC_IRQHandler
  440 000011B4         BOD_IRQHandler
  441 000011B4         USB_IRQHandler
  442 000011B4         CAN_IRQHandler
  443 000011B4         DMA_IRQHandler
  444 000011B4         I2S_IRQHandler
  445 000011B4         ENET_IRQHandler
  446 000011B4         RIT_IRQHandler
  447 000011B4         MCPWM_IRQHandler
  448 000011B4         QEI_IRQHandler
  449 000011B4         PLL1_IRQHandler
  450 000011B4         USBActivity_IRQHandler



ARM Macro Assembler    Page 36 


  451 000011B4         CANActivity_IRQHandler
  452 000011B4         
  453 000011B4 E7FE            B                .
  454 000011B6         
  455 000011B6                 ENDP
  456 000011B6         
  457 000011B6         
  458 000011B6 00 00           ALIGN
  459 000011B8         
  460 000011B8         
  461 000011B8         ; User Initial Stack & Heap
  462 000011B8         
  463 000011B8                 EXPORT           __initial_sp
  464 000011B8                 EXPORT           __heap_base
  465 000011B8                 EXPORT           __heap_limit
  466 000011B8         
  467 000011B8                 END
Command Line: --debug --xref --diag_suppress=9931 --cpu=Cortex-M3 --apcs=interw
ork --depend=.\startup.d -o.\startup.o -I.\RTE\_Target_1 -IC:\Users\nickt\AppDa
ta\Local\Arm\Packs\ARM\CMSIS\5.8.0\CMSIS\Core\Include -IC:\Users\nickt\AppData\
Local\Arm\Packs\Keil\LPC1700_DFP\2.7.1\Device\Include --predefine="__EVAL SETA 
1" --predefine="__UVISION_VERSION SETA 536" --predefine="_RTE_ SETA 1" --predef
ine="LPC175x_6x SETA 1" --predefine="_RTE_ SETA 1" --list=.\startup.lst startup
.s



ARM Macro Assembler    Page 1 Alphabetic symbol ordering
Relocatable symbols

STACK 00000000

Symbol: STACK
   Definitions
      At line 33 in file startup.s
   Uses
      None
Comment: STACK unused
Stack_Mem 00000000

Symbol: Stack_Mem
   Definitions
      At line 34 in file startup.s
   Uses
      None
Comment: Stack_Mem unused
__initial_sp 00000200

Symbol: __initial_sp
   Definitions
      At line 35 in file startup.s
   Uses
      At line 59 in file startup.s
      At line 463 in file startup.s

3 symbols



ARM Macro Assembler    Page 1 Alphabetic symbol ordering
Relocatable symbols

HEAP 00000000

Symbol: HEAP
   Definitions
      At line 44 in file startup.s
   Uses
      None
Comment: HEAP unused
Heap_Mem 00000000

Symbol: Heap_Mem
   Definitions
      At line 46 in file startup.s
   Uses
      None
Comment: Heap_Mem unused
__heap_base 00000000

Symbol: __heap_base
   Definitions
      At line 45 in file startup.s
   Uses
      At line 464 in file startup.s
Comment: __heap_base used once
__heap_limit 00000000

Symbol: __heap_limit
   Definitions
      At line 47 in file startup.s
   Uses
      At line 465 in file startup.s
Comment: __heap_limit used once
4 symbols



ARM Macro Assembler    Page 1 Alphabetic symbol ordering
Relocatable symbols

RESET 00000000

Symbol: RESET
   Definitions
      At line 56 in file startup.s
   Uses
      None
Comment: RESET unused
__Vectors 00000000

Symbol: __Vectors
   Definitions
      At line 59 in file startup.s
   Uses
      At line 57 in file startup.s
Comment: __Vectors used once
2 symbols



ARM Macro Assembler    Page 1 Alphabetic symbol ordering
Relocatable symbols

.ARM.__at_0x02FC 00000000

Symbol: .ARM.__at_0x02FC
   Definitions
      At line 115 in file startup.s
   Uses
      None
Comment: .ARM.__at_0x02FC unused
CRP_Key 00000000

Symbol: CRP_Key
   Definitions
      At line 116 in file startup.s
   Uses
      None
Comment: CRP_Key unused
2 symbols



ARM Macro Assembler    Page 1 Alphabetic symbol ordering
Relocatable symbols

BellissimiDati 00000000

Symbol: BellissimiDati
   Definitions
      At line 119 in file startup.s
   Uses
      None
Comment: BellissimiDati unused
Calories_food_ordered 00000000

Symbol: Calories_food_ordered
   Definitions
      At line 121 in file startup.s
   Uses
      At line 225 in file startup.s
Comment: Calories_food_ordered used once
Calories_sport_ordered 0000001C

Symbol: Calories_sport_ordered
   Definitions
      At line 122 in file startup.s
   Uses
      At line 302 in file startup.s
Comment: Calories_sport_ordered used once
Temp_food 00000038

Symbol: Temp_food
   Definitions
      At line 124 in file startup.s
   Uses
      At line 165 in file startup.s
      At line 226 in file startup.s

Temp_sport 00000070

Symbol: Temp_sport
   Definitions
      At line 127 in file startup.s
   Uses
      At line 239 in file startup.s
      At line 303 in file startup.s

5 symbols



ARM Macro Assembler    Page 1 Alphabetic symbol ordering
Relocatable symbols

.text 00000000

Symbol: .text
   Definitions
      At line 129 in file startup.s
   Uses
      None
Comment: .text unused
ADC_IRQHandler 000011B4

Symbol: ADC_IRQHandler
   Definitions
      At line 439 in file startup.s
   Uses
      At line 99 in file startup.s
      At line 403 in file startup.s

BOD_IRQHandler 000011B4

Symbol: BOD_IRQHandler
   Definitions
      At line 440 in file startup.s
   Uses
      At line 100 in file startup.s
      At line 404 in file startup.s

Boundary 00000148

Symbol: Boundary
   Definitions
      At line 319 in file startup.s
   Uses
      None
Comment: Boundary unused
BusFault_Handler 000011A8

Symbol: BusFault_Handler
   Definitions
      At line 352 in file startup.s
   Uses
      At line 64 in file startup.s
      At line 353 in file startup.s

CANActivity_IRQHandler 000011B4

Symbol: CANActivity_IRQHandler
   Definitions
      At line 451 in file startup.s
   Uses
      At line 111 in file startup.s
      At line 415 in file startup.s

CAN_IRQHandler 000011B4

Symbol: CAN_IRQHandler
   Definitions
      At line 442 in file startup.s
   Uses
      At line 102 in file startup.s



ARM Macro Assembler    Page 2 Alphabetic symbol ordering
Relocatable symbols

      At line 406 in file startup.s

Calories_food 00001150

Symbol: Calories_food
   Definitions
      At line 323 in file startup.s
   Uses
      At line 164 in file startup.s
Comment: Calories_food used once
Calories_sport 00001188

Symbol: Calories_sport
   Definitions
      At line 326 in file startup.s
   Uses
      At line 238 in file startup.s
Comment: Calories_sport used once
DMA_IRQHandler 000011B4

Symbol: DMA_IRQHandler
   Definitions
      At line 443 in file startup.s
   Uses
      At line 103 in file startup.s
      At line 407 in file startup.s

Days 00001148

Symbol: Days
   Definitions
      At line 321 in file startup.s
   Uses
      None
Comment: Days unused
DebugMon_Handler 000011AE

Symbol: DebugMon_Handler
   Definitions
      At line 366 in file startup.s
   Uses
      At line 71 in file startup.s
      At line 367 in file startup.s

Default_Handler 000011B4

Symbol: Default_Handler
   Definitions
      At line 379 in file startup.s
   Uses
      None
Comment: Default_Handler unused
EINT0_IRQHandler 000011B4

Symbol: EINT0_IRQHandler
   Definitions
      At line 435 in file startup.s
   Uses
      At line 95 in file startup.s



ARM Macro Assembler    Page 3 Alphabetic symbol ordering
Relocatable symbols

      At line 399 in file startup.s

EINT1_IRQHandler 000011B4

Symbol: EINT1_IRQHandler
   Definitions
      At line 436 in file startup.s
   Uses
      At line 96 in file startup.s
      At line 400 in file startup.s

EINT2_IRQHandler 000011B4

Symbol: EINT2_IRQHandler
   Definitions
      At line 437 in file startup.s
   Uses
      At line 97 in file startup.s
      At line 401 in file startup.s

EINT3_IRQHandler 000011B4

Symbol: EINT3_IRQHandler
   Definitions
      At line 438 in file startup.s
   Uses
      At line 98 in file startup.s
      At line 402 in file startup.s

ENET_IRQHandler 000011B4

Symbol: ENET_IRQHandler
   Definitions
      At line 445 in file startup.s
   Uses
      At line 105 in file startup.s
      At line 409 in file startup.s

HardFault_Handler 000011A4

Symbol: HardFault_Handler
   Definitions
      At line 342 in file startup.s
   Uses
      At line 62 in file startup.s
      At line 343 in file startup.s

I2C0_IRQHandler 000011B4

Symbol: I2C0_IRQHandler
   Definitions
      At line 427 in file startup.s
   Uses
      At line 87 in file startup.s
      At line 391 in file startup.s

I2C1_IRQHandler 000011B4

Symbol: I2C1_IRQHandler



ARM Macro Assembler    Page 4 Alphabetic symbol ordering
Relocatable symbols

   Definitions
      At line 428 in file startup.s
   Uses
      At line 88 in file startup.s
      At line 392 in file startup.s

I2C2_IRQHandler 000011B4

Symbol: I2C2_IRQHandler
   Definitions
      At line 429 in file startup.s
   Uses
      At line 89 in file startup.s
      At line 393 in file startup.s

I2S_IRQHandler 000011B4

Symbol: I2S_IRQHandler
   Definitions
      At line 444 in file startup.s
   Uses
      At line 104 in file startup.s
      At line 408 in file startup.s

Initialize_variable_food 0000001C

Symbol: Initialize_variable_food
   Definitions
      At line 176 in file startup.s
   Uses
      At line 219 in file startup.s
Comment: Initialize_variable_food used once
Initialize_variable_sport 000000B0

Symbol: Initialize_variable_sport
   Definitions
      At line 251 in file startup.s
   Uses
      At line 294 in file startup.s
Comment: Initialize_variable_sport used once
Loop_food 0000002C

Symbol: Loop_food
   Definitions
      At line 184 in file startup.s
   Uses
      At line 215 in file startup.s
Comment: Loop_food used once
Loop_food_day_ordered 00000084

Symbol: Loop_food_day_ordered
   Definitions
      At line 227 in file startup.s
   Uses
      At line 233 in file startup.s
Comment: Loop_food_day_ordered used once
Loop_sport 000000C0

Symbol: Loop_sport



ARM Macro Assembler    Page 5 Alphabetic symbol ordering
Relocatable symbols

   Definitions
      At line 259 in file startup.s
   Uses
      At line 290 in file startup.s
Comment: Loop_sport used once
Loop_sport_day_ordered 00000118

Symbol: Loop_sport_day_ordered
   Definitions
      At line 306 in file startup.s
   Uses
      At line 312 in file startup.s
Comment: Loop_sport_day_ordered used once
MCPWM_IRQHandler 000011B4

Symbol: MCPWM_IRQHandler
   Definitions
      At line 447 in file startup.s
   Uses
      At line 107 in file startup.s
      At line 411 in file startup.s

MemManage_Handler 000011A6

Symbol: MemManage_Handler
   Definitions
      At line 347 in file startup.s
   Uses
      At line 63 in file startup.s
      At line 348 in file startup.s

NMI_Handler 000011A2

Symbol: NMI_Handler
   Definitions
      At line 337 in file startup.s
   Uses
      At line 61 in file startup.s
      At line 338 in file startup.s

Num_days 000011A0

Symbol: Num_days
   Definitions
      At line 328 in file startup.s
   Uses
      None
Comment: Num_days unused
Num_days_sport 000011A1

Symbol: Num_days_sport
   Definitions
      At line 329 in file startup.s
   Uses
      None
Comment: Num_days_sport unused
PLL0_IRQHandler 000011B4

Symbol: PLL0_IRQHandler



ARM Macro Assembler    Page 6 Alphabetic symbol ordering
Relocatable symbols

   Definitions
      At line 433 in file startup.s
   Uses
      At line 93 in file startup.s
      At line 397 in file startup.s

PLL1_IRQHandler 000011B4

Symbol: PLL1_IRQHandler
   Definitions
      At line 449 in file startup.s
   Uses
      At line 109 in file startup.s
      At line 413 in file startup.s

PWM1_IRQHandler 000011B4

Symbol: PWM1_IRQHandler
   Definitions
      At line 426 in file startup.s
   Uses
      At line 86 in file startup.s
      At line 390 in file startup.s

PendSV_Handler 000011B0

Symbol: PendSV_Handler
   Definitions
      At line 370 in file startup.s
   Uses
      At line 73 in file startup.s
      At line 371 in file startup.s

QEI_IRQHandler 000011B4

Symbol: QEI_IRQHandler
   Definitions
      At line 448 in file startup.s
   Uses
      At line 108 in file startup.s
      At line 412 in file startup.s

RIT_IRQHandler 000011B4

Symbol: RIT_IRQHandler
   Definitions
      At line 446 in file startup.s
   Uses
      At line 106 in file startup.s
      At line 410 in file startup.s

RTC_IRQHandler 000011B4

Symbol: RTC_IRQHandler
   Definitions
      At line 434 in file startup.s
   Uses
      At line 94 in file startup.s
      At line 398 in file startup.s



ARM Macro Assembler    Page 7 Alphabetic symbol ordering
Relocatable symbols


Reset_Handler 00000000

Symbol: Reset_Handler
   Definitions
      At line 134 in file startup.s
   Uses
      At line 60 in file startup.s
      At line 135 in file startup.s

SPI_IRQHandler 000011B4

Symbol: SPI_IRQHandler
   Definitions
      At line 430 in file startup.s
   Uses
      At line 90 in file startup.s
      At line 394 in file startup.s

SSP0_IRQHandler 000011B4

Symbol: SSP0_IRQHandler
   Definitions
      At line 431 in file startup.s
   Uses
      At line 91 in file startup.s
      At line 395 in file startup.s

SSP1_IRQHandler 000011B4

Symbol: SSP1_IRQHandler
   Definitions
      At line 432 in file startup.s
   Uses
      At line 92 in file startup.s
      At line 396 in file startup.s

SVC_Handler 000011AC

Symbol: SVC_Handler
   Definitions
      At line 361 in file startup.s
   Uses
      At line 70 in file startup.s
      At line 362 in file startup.s

SysTick_Handler 000011B2

Symbol: SysTick_Handler
   Definitions
      At line 374 in file startup.s
   Uses
      At line 74 in file startup.s
      At line 375 in file startup.s

TIMER0_IRQHandler 000011B4

Symbol: TIMER0_IRQHandler
   Definitions



ARM Macro Assembler    Page 8 Alphabetic symbol ordering
Relocatable symbols

      At line 418 in file startup.s
   Uses
      At line 78 in file startup.s
      At line 382 in file startup.s

TIMER1_IRQHandler 000011B4

Symbol: TIMER1_IRQHandler
   Definitions
      At line 419 in file startup.s
   Uses
      At line 79 in file startup.s
      At line 383 in file startup.s

TIMER2_IRQHandler 000011B4

Symbol: TIMER2_IRQHandler
   Definitions
      At line 420 in file startup.s
   Uses
      At line 80 in file startup.s
      At line 384 in file startup.s

TIMER3_IRQHandler 000011B4

Symbol: TIMER3_IRQHandler
   Definitions
      At line 421 in file startup.s
   Uses
      At line 81 in file startup.s
      At line 385 in file startup.s

UART0_IRQHandler 000011B4

Symbol: UART0_IRQHandler
   Definitions
      At line 422 in file startup.s
   Uses
      At line 82 in file startup.s
      At line 386 in file startup.s

UART1_IRQHandler 000011B4

Symbol: UART1_IRQHandler
   Definitions
      At line 423 in file startup.s
   Uses
      At line 83 in file startup.s
      At line 387 in file startup.s

UART2_IRQHandler 000011B4

Symbol: UART2_IRQHandler
   Definitions
      At line 424 in file startup.s
   Uses
      At line 84 in file startup.s
      At line 388 in file startup.s




ARM Macro Assembler    Page 9 Alphabetic symbol ordering
Relocatable symbols

UART3_IRQHandler 000011B4

Symbol: UART3_IRQHandler
   Definitions
      At line 425 in file startup.s
   Uses
      At line 85 in file startup.s
      At line 389 in file startup.s

USBActivity_IRQHandler 000011B4

Symbol: USBActivity_IRQHandler
   Definitions
      At line 450 in file startup.s
   Uses
      At line 110 in file startup.s
      At line 414 in file startup.s

USB_IRQHandler 000011B4

Symbol: USB_IRQHandler
   Definitions
      At line 441 in file startup.s
   Uses
      At line 101 in file startup.s
      At line 405 in file startup.s

UsageFault_Handler 000011AA

Symbol: UsageFault_Handler
   Definitions
      At line 357 in file startup.s
   Uses
      At line 65 in file startup.s
      At line 358 in file startup.s

WDT_IRQHandler 000011B4

Symbol: WDT_IRQHandler
   Definitions
      At line 417 in file startup.s
   Uses
      At line 77 in file startup.s
      At line 381 in file startup.s

transfer_values_food 0000000C

Symbol: transfer_values_food
   Definitions
      At line 168 in file startup.s
   Uses
      At line 173 in file startup.s
Comment: transfer_values_food used once
transfer_values_sport 000000A0

Symbol: transfer_values_sport
   Definitions
      At line 242 in file startup.s
   Uses



ARM Macro Assembler    Page 10 Alphabetic symbol ordering
Relocatable symbols

      At line 247 in file startup.s
Comment: transfer_values_sport used once
61 symbols



ARM Macro Assembler    Page 1 Alphabetic symbol ordering
Absolute symbols

Heap_Size 00000000

Symbol: Heap_Size
   Definitions
      At line 42 in file startup.s
   Uses
      At line 46 in file startup.s
Comment: Heap_Size used once
NUM_DAYS_FOOD 00000038

Symbol: NUM_DAYS_FOOD
   Definitions
      At line 138 in file startup.s
   Uses
      At line 172 in file startup.s
      At line 213 in file startup.s
      At line 218 in file startup.s
      At line 232 in file startup.s

NUM_DAYS_SPORT 0000001C

Symbol: NUM_DAYS_SPORT
   Definitions
      At line 139 in file startup.s
   Uses
      At line 246 in file startup.s
      At line 288 in file startup.s
      At line 293 in file startup.s
      At line 311 in file startup.s

Stack_Size 00000200

Symbol: Stack_Size
   Definitions
      At line 31 in file startup.s
   Uses
      At line 34 in file startup.s
Comment: Stack_Size used once
4 symbols
432 symbols in table
