


ARM Macro Assembler    Page 1 


    1 00000000         ;            Computer Architectures - 02LSEOV 02LSEOQ   
                                ;
    2 00000000         ; author:   Paolo BERNARDI - Politecnico di Torino      
                            ;
    3 00000000         ; creation:  11 November 2018         ;
    4 00000000         ; last update:  1 Dicember 2020         ;
    5 00000000         ; functionalities:             ;
    6 00000000         ;  nothing but bringing to the reset handler     ;
    7 00000000         
    8 00000000         ; *------- <<< Use Configuration Wizard in Context Menu 
                       >>> ------------------
    9 00000000         
   10 00000000         ; <h> Stack Configuration
   11 00000000         ;   <o> Stack Size (in Bytes) <0x0-0xFFFFFFFF:8>
   12 00000000         ; </h>
   13 00000000         
   14 00000000 00000200 
                       Stack_Size
                               EQU              0x00000200
   15 00000000         
   16 00000000                 AREA             STACK, NOINIT, READWRITE, ALIGN
=3
   17 00000000                 SPACE            Stack_Size/2
   18 00000100         Stack_Mem
                               SPACE            Stack_Size/2
   19 00000200         __initial_sp
   20 00000200         
   21 00000200         
   22 00000200         
   23 00000200         
   24 00000200         ; <h> Heap Configuration
   25 00000200         ;   <o>  Heap Size (in Bytes) <0x0-0xFFFFFFFF:8>
   26 00000200         ; </h>
   27 00000200         
   28 00000200 00000200 
                       Heap_Size
                               EQU              0x00000200
   29 00000200         
   30 00000200                 AREA             HEAP, NOINIT, READWRITE, ALIGN=
3
   31 00000000         __heap_base
   32 00000000         Heap_Mem
                               SPACE            Heap_Size
   33 00000200         __heap_limit
   34 00000200         
   35 00000200         
   36 00000200                 PRESERVE8
   37 00000200                 THUMB
   38 00000200         
   39 00000200         
   40 00000200         ; Vector Table Mapped to Address 0 at Reset
   41 00000200         
   42 00000200                 AREA             RESET, DATA, READONLY
   43 00000000                 EXPORT           __Vectors
   44 00000000         ; 0x10000200
   45 00000000 00000000 
                       __Vectors
                               DCD              __initial_sp ; Top of Stack
   46 00000004 00000000        DCD              Reset_Handler ; Reset Handler



ARM Macro Assembler    Page 2 


   47 00000008 00000000        DCD              NMI_Handler ; NMI Handler
   48 0000000C 00000000        DCD              HardFault_Handler ; Hard Fault 
                                                            Handler
   49 00000010 00000000        DCD              MemManage_Handler 
                                                            ; MPU Fault Handler
                                                            
   50 00000014 00000000        DCD              BusFault_Handler 
                                                            ; Bus Fault Handler
                                                            
   51 00000018 00000000        DCD              UsageFault_Handler ; Usage Faul
                                                            t Handler
   52 0000001C 00000000        DCD              0           ; Reserved
   53 00000020 00000000        DCD              0           ; Reserved
   54 00000024 00000000        DCD              0           ; Reserved
   55 00000028 00000000        DCD              0           ; Reserved
   56 0000002C 00000000        DCD              SVC_Handler ; SVCall Handler
   57 00000030 00000000        DCD              DebugMon_Handler ; Debug Monito
                                                            r Handler
   58 00000034 00000000        DCD              0           ; Reserved
   59 00000038 00000000        DCD              PendSV_Handler ; PendSV Handler
                                                            
   60 0000003C 00000000        DCD              SysTick_Handler 
                                                            ; SysTick Handler
   61 00000040         
   62 00000040         ; External Interrupts
   63 00000040 00000000        DCD              WDT_IRQHandler ; 16: Watchdog T
                                                            imer
   64 00000044 00000000        DCD              TIMER0_IRQHandler ; 17: Timer0
   65 00000048 00000000        DCD              TIMER1_IRQHandler ; 18: Timer1
   66 0000004C 00000000        DCD              TIMER2_IRQHandler ; 19: Timer2
   67 00000050 00000000        DCD              TIMER3_IRQHandler ; 20: Timer3
   68 00000054 00000000        DCD              UART0_IRQHandler ; 21: UART0
   69 00000058 00000000        DCD              UART1_IRQHandler ; 22: UART1
   70 0000005C 00000000        DCD              UART2_IRQHandler ; 23: UART2
   71 00000060 00000000        DCD              UART3_IRQHandler ; 24: UART3
   72 00000064 00000000        DCD              PWM1_IRQHandler ; 25: PWM1
   73 00000068 00000000        DCD              I2C0_IRQHandler ; 26: I2C0
   74 0000006C 00000000        DCD              I2C1_IRQHandler ; 27: I2C1
   75 00000070 00000000        DCD              I2C2_IRQHandler ; 28: I2C2
   76 00000074 00000000        DCD              SPI_IRQHandler ; 29: SPI
   77 00000078 00000000        DCD              SSP0_IRQHandler ; 30: SSP0
   78 0000007C 00000000        DCD              SSP1_IRQHandler ; 31: SSP1
   79 00000080 00000000        DCD              PLL0_IRQHandler ; 32: PLL0 Lock
                                                             (Main PLL)
   80 00000084 00000000        DCD              RTC_IRQHandler ; 33: Real Time 
                                                            Clock
   81 00000088 00000000        DCD              EINT0_IRQHandler ; 34: External
                                                             Interrupt 0
   82 0000008C 00000000        DCD              EINT1_IRQHandler ; 35: External
                                                             Interrupt 1
   83 00000090 00000000        DCD              EINT2_IRQHandler ; 36: External
                                                             Interrupt 2
   84 00000094 00000000        DCD              EINT3_IRQHandler ; 37: External
                                                             Interrupt 3
   85 00000098 00000000        DCD              ADC_IRQHandler 
                                                            ; 38: A/D Converter
                                                            
   86 0000009C 00000000        DCD              BOD_IRQHandler ; 39: Brown-Out 
                                                            Detect



ARM Macro Assembler    Page 3 


   87 000000A0 00000000        DCD              USB_IRQHandler ; 40: USB
   88 000000A4 00000000        DCD              CAN_IRQHandler ; 41: CAN
   89 000000A8 00000000        DCD              DMA_IRQHandler ; 42: General Pu
                                                            rpose DMA
   90 000000AC 00000000        DCD              I2S_IRQHandler ; 43: I2S
   91 000000B0 00000000        DCD              ENET_IRQHandler ; 44: Ethernet
   92 000000B4 00000000        DCD              RIT_IRQHandler ; 45: Repetitive
                                                             Interrupt Timer
   93 000000B8 00000000        DCD              MCPWM_IRQHandler ; 46: Motor Co
                                                            ntrol PWM
   94 000000BC 00000000        DCD              QEI_IRQHandler ; 47: Quadrature
                                                             Encoder Interface
   95 000000C0 00000000        DCD              PLL1_IRQHandler ; 48: PLL1 Lock
                                                             (USB PLL)
   96 000000C4 00000000        DCD              USBActivity_IRQHandler ; 49: US
                                                            B Activity interrup
                                                            t to wakeup
   97 000000C8 00000000        DCD              CANActivity_IRQHandler ; 50: CA
                                                            N Activity interrup
                                                            t to wakeup
   98 000000CC         
   99 000000CC         
  100 000000CC                 IF               :LNOT::DEF:NO_CRP
  101 000000CC                 AREA             |.ARM.__at_0x02FC|, CODE, READO
NLY
  102 00000000 FFFFFFFF 
                       CRP_Key DCD              0xFFFFFFFF
  103 00000004                 ENDIF
  104 00000004         
  105 00000004         
  106 00000004                 AREA             |.text|, CODE, READONLY
  107 00000000         
  108 00000000         
  109 00000000         ; Reset Handler
  110 00000000         
  111 00000000         Reset_Handler
                               PROC
  112 00000000                 EXPORT           Reset_Handler             [WEAK
]
  113 00000000         
  114 00000000         ; your code here
  115 00000000         
  116 00000000 F04F 0003       MOV              R0, #3
  117 00000004 F380 8814       MSR              CONTROL, R0
  118 00000008 F8DF D03C       LDR              SP, =Stack_Mem
  119 0000000C         
  120 0000000C BF00            nop
  121 0000000E         
  122 0000000E DF10            SVC              0x10        ;0x000000DA
  123 00000010         
  124 00000010 E7FE    InfLoop B                InfLoop
  125 00000012                 ENDP
  126 00000012         
  127 00000012         
  128 00000012         ; Dummy Exception Handlers (infinite loops which can be 
                       modified)
  129 00000012         
  130 00000012         NMI_Handler
                               PROC



ARM Macro Assembler    Page 4 


  131 00000012                 EXPORT           NMI_Handler               [WEAK
]
  132 00000012 E7FE            B                .
  133 00000014                 ENDP
  135 00000014         HardFault_Handler
                               PROC
  136 00000014                 EXPORT           HardFault_Handler         [WEAK
]
  137 00000014 E7FE            B                .
  138 00000016                 ENDP
  140 00000016         MemManage_Handler
                               PROC
  141 00000016                 EXPORT           MemManage_Handler         [WEAK
]
  142 00000016 E7FE            B                .
  143 00000018                 ENDP
  145 00000018         BusFault_Handler
                               PROC
  146 00000018                 EXPORT           BusFault_Handler          [WEAK
]
  147 00000018 E7FE            B                .
  148 0000001A                 ENDP
  150 0000001A         UsageFault_Handler
                               PROC
  151 0000001A                 EXPORT           UsageFault_Handler        [WEAK
]
  152 0000001A E7FE            B                .
  153 0000001C                 ENDP
  154 0000001C         SVC_Handler
                               PROC
  155 0000001C                 EXPORT           SVC_Handler               [WEAK
]
  156 0000001C         
  157 0000001C E92D 5FFF       STMFD            SP!, {R0-R12, LR}
  158 00000020 F3EF 8109       MRS              R1, psp
  159 00000024 6988            LDR              R0, [R1, #24] ;0x000000DC
  160 00000026 F850 0C04       LDR              R0, [R0,#-4] ;0x000000D8
  161 0000002A F020 407F       BIC              R0, #0xFF000000
  162 0000002E EA4F 4010       LSR              R0, #16
  163 00000032         ; your code here
  164 00000032 2810            cmp              r0, 0x10
  165 00000034 D100            bne              uscita
  166 00000036 BF00            nop
  167 00000038         
  168 00000038 E8BD 5FFF 
                       uscita  LDMFD            SP!, {R0-R12, LR}
  169 0000003C 4770            BX               LR
  170 0000003E         
  171 0000003E                 ENDP
  173 0000003E         DebugMon_Handler
                               PROC
  174 0000003E                 EXPORT           DebugMon_Handler          [WEAK
]
  175 0000003E E7FE            B                .
  176 00000040                 ENDP
  177 00000040         PendSV_Handler
                               PROC
  178 00000040                 EXPORT           PendSV_Handler            [WEAK
]



ARM Macro Assembler    Page 5 


  179 00000040 E7FE            B                .
  180 00000042                 ENDP
  181 00000042         SysTick_Handler
                               PROC
  182 00000042                 EXPORT           SysTick_Handler           [WEAK
]
  183 00000042 E7FE            B                .
  184 00000044                 ENDP
  185 00000044         
  186 00000044         Default_Handler
                               PROC
  187 00000044         
  188 00000044                 EXPORT           WDT_IRQHandler            [WEAK
]
  189 00000044                 EXPORT           TIMER0_IRQHandler         [WEAK
]
  190 00000044                 EXPORT           TIMER1_IRQHandler         [WEAK
]
  191 00000044                 EXPORT           TIMER2_IRQHandler         [WEAK
]
  192 00000044                 EXPORT           TIMER3_IRQHandler         [WEAK
]
  193 00000044                 EXPORT           UART0_IRQHandler          [WEAK
]
  194 00000044                 EXPORT           UART1_IRQHandler          [WEAK
]
  195 00000044                 EXPORT           UART2_IRQHandler          [WEAK
]
  196 00000044                 EXPORT           UART3_IRQHandler          [WEAK
]
  197 00000044                 EXPORT           PWM1_IRQHandler           [WEAK
]
  198 00000044                 EXPORT           I2C0_IRQHandler           [WEAK
]
  199 00000044                 EXPORT           I2C1_IRQHandler           [WEAK
]
  200 00000044                 EXPORT           I2C2_IRQHandler           [WEAK
]
  201 00000044                 EXPORT           SPI_IRQHandler            [WEAK
]
  202 00000044                 EXPORT           SSP0_IRQHandler           [WEAK
]
  203 00000044                 EXPORT           SSP1_IRQHandler           [WEAK
]
  204 00000044                 EXPORT           PLL0_IRQHandler           [WEAK
]
  205 00000044                 EXPORT           RTC_IRQHandler            [WEAK
]
  206 00000044                 EXPORT           EINT0_IRQHandler          [WEAK
]
  207 00000044                 EXPORT           EINT1_IRQHandler          [WEAK
]
  208 00000044                 EXPORT           EINT2_IRQHandler          [WEAK
]
  209 00000044                 EXPORT           EINT3_IRQHandler          [WEAK
]
  210 00000044                 EXPORT           ADC_IRQHandler            [WEAK
]
  211 00000044                 EXPORT           BOD_IRQHandler            [WEAK



ARM Macro Assembler    Page 6 


]
  212 00000044                 EXPORT           USB_IRQHandler            [WEAK
]
  213 00000044                 EXPORT           CAN_IRQHandler            [WEAK
]
  214 00000044                 EXPORT           DMA_IRQHandler            [WEAK
]
  215 00000044                 EXPORT           I2S_IRQHandler            [WEAK
]
  216 00000044                 EXPORT           ENET_IRQHandler           [WEAK
]
  217 00000044                 EXPORT           RIT_IRQHandler            [WEAK
]
  218 00000044                 EXPORT           MCPWM_IRQHandler          [WEAK
]
  219 00000044                 EXPORT           QEI_IRQHandler            [WEAK
]
  220 00000044                 EXPORT           PLL1_IRQHandler           [WEAK
]
  221 00000044                 EXPORT           USBActivity_IRQHandler    [WEAK
]
  222 00000044                 EXPORT           CANActivity_IRQHandler    [WEAK
]
  223 00000044         
  224 00000044         WDT_IRQHandler
  225 00000044         TIMER0_IRQHandler
  226 00000044         TIMER1_IRQHandler
  227 00000044         TIMER2_IRQHandler
  228 00000044         TIMER3_IRQHandler
  229 00000044         UART0_IRQHandler
  230 00000044         UART1_IRQHandler
  231 00000044         UART2_IRQHandler
  232 00000044         UART3_IRQHandler
  233 00000044         PWM1_IRQHandler
  234 00000044         I2C0_IRQHandler
  235 00000044         I2C1_IRQHandler
  236 00000044         I2C2_IRQHandler
  237 00000044         SPI_IRQHandler
  238 00000044         SSP0_IRQHandler
  239 00000044         SSP1_IRQHandler
  240 00000044         PLL0_IRQHandler
  241 00000044         RTC_IRQHandler
  242 00000044         EINT0_IRQHandler
  243 00000044         EINT1_IRQHandler
  244 00000044         EINT2_IRQHandler
  245 00000044         EINT3_IRQHandler
  246 00000044         ADC_IRQHandler
  247 00000044         BOD_IRQHandler
  248 00000044         USB_IRQHandler
  249 00000044         CAN_IRQHandler
  250 00000044         DMA_IRQHandler
  251 00000044         I2S_IRQHandler
  252 00000044         ENET_IRQHandler
  253 00000044         RIT_IRQHandler
  254 00000044         MCPWM_IRQHandler
  255 00000044         QEI_IRQHandler
  256 00000044         PLL1_IRQHandler
  257 00000044         USBActivity_IRQHandler
  258 00000044         CANActivity_IRQHandler



ARM Macro Assembler    Page 7 


  259 00000044         
  260 00000044 E7FE            B                .
  261 00000046         
  262 00000046                 ENDP
  263 00000046         
  264 00000046         
  265 00000046 00 00           ALIGN
  266 00000048         
  267 00000048         
  268 00000048         ; User Initial Stack & Heap
  269 00000048         
  270 00000048                 EXPORT           __initial_sp
  271 00000048                 EXPORT           __heap_base
  272 00000048                 EXPORT           __heap_limit
  273 00000048         
  274 00000048                 END
              00000000 
Command Line: --debug --xref --diag_suppress=9931 --cpu=Cortex-M3 --apcs=interw
ork --depend=.\template.d -o.\template.o -I.\RTE\_Target_1 -IC:\Users\nickt\App
Data\Local\Arm\Packs\ARM\CMSIS\5.8.0\CMSIS\Core\Include -IC:\Users\nickt\AppDat
a\Local\Arm\Packs\Keil\LPC1700_DFP\2.7.1\Device\Include --predefine="__EVAL SET
A 1" --predefine="__UVISION_VERSION SETA 536" --predefine="_RTE_ SETA 1" --pred
efine="LPC175x_6x SETA 1" --predefine="_RTE_ SETA 1" --list=.\template.lst temp
late.s



ARM Macro Assembler    Page 1 Alphabetic symbol ordering
Relocatable symbols

STACK 00000000

Symbol: STACK
   Definitions
      At line 16 in file template.s
   Uses
      None
Comment: STACK unused
Stack_Mem 00000100

Symbol: Stack_Mem
   Definitions
      At line 18 in file template.s
   Uses
      At line 118 in file template.s
Comment: Stack_Mem used once
__initial_sp 00000200

Symbol: __initial_sp
   Definitions
      At line 19 in file template.s
   Uses
      At line 45 in file template.s
      At line 270 in file template.s

3 symbols



ARM Macro Assembler    Page 1 Alphabetic symbol ordering
Relocatable symbols

HEAP 00000000

Symbol: HEAP
   Definitions
      At line 30 in file template.s
   Uses
      None
Comment: HEAP unused
Heap_Mem 00000000

Symbol: Heap_Mem
   Definitions
      At line 32 in file template.s
   Uses
      None
Comment: Heap_Mem unused
__heap_base 00000000

Symbol: __heap_base
   Definitions
      At line 31 in file template.s
   Uses
      At line 271 in file template.s
Comment: __heap_base used once
__heap_limit 00000200

Symbol: __heap_limit
   Definitions
      At line 33 in file template.s
   Uses
      At line 272 in file template.s
Comment: __heap_limit used once
4 symbols



ARM Macro Assembler    Page 1 Alphabetic symbol ordering
Relocatable symbols

RESET 00000000

Symbol: RESET
   Definitions
      At line 42 in file template.s
   Uses
      None
Comment: RESET unused
__Vectors 00000000

Symbol: __Vectors
   Definitions
      At line 45 in file template.s
   Uses
      At line 43 in file template.s
Comment: __Vectors used once
2 symbols



ARM Macro Assembler    Page 1 Alphabetic symbol ordering
Relocatable symbols

.ARM.__at_0x02FC 00000000

Symbol: .ARM.__at_0x02FC
   Definitions
      At line 101 in file template.s
   Uses
      None
Comment: .ARM.__at_0x02FC unused
CRP_Key 00000000

Symbol: CRP_Key
   Definitions
      At line 102 in file template.s
   Uses
      None
Comment: CRP_Key unused
2 symbols



ARM Macro Assembler    Page 1 Alphabetic symbol ordering
Relocatable symbols

.text 00000000

Symbol: .text
   Definitions
      At line 106 in file template.s
   Uses
      None
Comment: .text unused
ADC_IRQHandler 00000044

Symbol: ADC_IRQHandler
   Definitions
      At line 246 in file template.s
   Uses
      At line 85 in file template.s
      At line 210 in file template.s

BOD_IRQHandler 00000044

Symbol: BOD_IRQHandler
   Definitions
      At line 247 in file template.s
   Uses
      At line 86 in file template.s
      At line 211 in file template.s

BusFault_Handler 00000018

Symbol: BusFault_Handler
   Definitions
      At line 145 in file template.s
   Uses
      At line 50 in file template.s
      At line 146 in file template.s

CANActivity_IRQHandler 00000044

Symbol: CANActivity_IRQHandler
   Definitions
      At line 258 in file template.s
   Uses
      At line 97 in file template.s
      At line 222 in file template.s

CAN_IRQHandler 00000044

Symbol: CAN_IRQHandler
   Definitions
      At line 249 in file template.s
   Uses
      At line 88 in file template.s
      At line 213 in file template.s

DMA_IRQHandler 00000044

Symbol: DMA_IRQHandler
   Definitions
      At line 250 in file template.s
   Uses



ARM Macro Assembler    Page 2 Alphabetic symbol ordering
Relocatable symbols

      At line 89 in file template.s
      At line 214 in file template.s

DebugMon_Handler 0000003E

Symbol: DebugMon_Handler
   Definitions
      At line 173 in file template.s
   Uses
      At line 57 in file template.s
      At line 174 in file template.s

Default_Handler 00000044

Symbol: Default_Handler
   Definitions
      At line 186 in file template.s
   Uses
      None
Comment: Default_Handler unused
EINT0_IRQHandler 00000044

Symbol: EINT0_IRQHandler
   Definitions
      At line 242 in file template.s
   Uses
      At line 81 in file template.s
      At line 206 in file template.s

EINT1_IRQHandler 00000044

Symbol: EINT1_IRQHandler
   Definitions
      At line 243 in file template.s
   Uses
      At line 82 in file template.s
      At line 207 in file template.s

EINT2_IRQHandler 00000044

Symbol: EINT2_IRQHandler
   Definitions
      At line 244 in file template.s
   Uses
      At line 83 in file template.s
      At line 208 in file template.s

EINT3_IRQHandler 00000044

Symbol: EINT3_IRQHandler
   Definitions
      At line 245 in file template.s
   Uses
      At line 84 in file template.s
      At line 209 in file template.s

ENET_IRQHandler 00000044

Symbol: ENET_IRQHandler



ARM Macro Assembler    Page 3 Alphabetic symbol ordering
Relocatable symbols

   Definitions
      At line 252 in file template.s
   Uses
      At line 91 in file template.s
      At line 216 in file template.s

HardFault_Handler 00000014

Symbol: HardFault_Handler
   Definitions
      At line 135 in file template.s
   Uses
      At line 48 in file template.s
      At line 136 in file template.s

I2C0_IRQHandler 00000044

Symbol: I2C0_IRQHandler
   Definitions
      At line 234 in file template.s
   Uses
      At line 73 in file template.s
      At line 198 in file template.s

I2C1_IRQHandler 00000044

Symbol: I2C1_IRQHandler
   Definitions
      At line 235 in file template.s
   Uses
      At line 74 in file template.s
      At line 199 in file template.s

I2C2_IRQHandler 00000044

Symbol: I2C2_IRQHandler
   Definitions
      At line 236 in file template.s
   Uses
      At line 75 in file template.s
      At line 200 in file template.s

I2S_IRQHandler 00000044

Symbol: I2S_IRQHandler
   Definitions
      At line 251 in file template.s
   Uses
      At line 90 in file template.s
      At line 215 in file template.s

InfLoop 00000010

Symbol: InfLoop
   Definitions
      At line 124 in file template.s
   Uses
      At line 124 in file template.s
Comment: InfLoop used once



ARM Macro Assembler    Page 4 Alphabetic symbol ordering
Relocatable symbols

MCPWM_IRQHandler 00000044

Symbol: MCPWM_IRQHandler
   Definitions
      At line 254 in file template.s
   Uses
      At line 93 in file template.s
      At line 218 in file template.s

MemManage_Handler 00000016

Symbol: MemManage_Handler
   Definitions
      At line 140 in file template.s
   Uses
      At line 49 in file template.s
      At line 141 in file template.s

NMI_Handler 00000012

Symbol: NMI_Handler
   Definitions
      At line 130 in file template.s
   Uses
      At line 47 in file template.s
      At line 131 in file template.s

PLL0_IRQHandler 00000044

Symbol: PLL0_IRQHandler
   Definitions
      At line 240 in file template.s
   Uses
      At line 79 in file template.s
      At line 204 in file template.s

PLL1_IRQHandler 00000044

Symbol: PLL1_IRQHandler
   Definitions
      At line 256 in file template.s
   Uses
      At line 95 in file template.s
      At line 220 in file template.s

PWM1_IRQHandler 00000044

Symbol: PWM1_IRQHandler
   Definitions
      At line 233 in file template.s
   Uses
      At line 72 in file template.s
      At line 197 in file template.s

PendSV_Handler 00000040

Symbol: PendSV_Handler
   Definitions
      At line 177 in file template.s



ARM Macro Assembler    Page 5 Alphabetic symbol ordering
Relocatable symbols

   Uses
      At line 59 in file template.s
      At line 178 in file template.s

QEI_IRQHandler 00000044

Symbol: QEI_IRQHandler
   Definitions
      At line 255 in file template.s
   Uses
      At line 94 in file template.s
      At line 219 in file template.s

RIT_IRQHandler 00000044

Symbol: RIT_IRQHandler
   Definitions
      At line 253 in file template.s
   Uses
      At line 92 in file template.s
      At line 217 in file template.s

RTC_IRQHandler 00000044

Symbol: RTC_IRQHandler
   Definitions
      At line 241 in file template.s
   Uses
      At line 80 in file template.s
      At line 205 in file template.s

Reset_Handler 00000000

Symbol: Reset_Handler
   Definitions
      At line 111 in file template.s
   Uses
      At line 46 in file template.s
      At line 112 in file template.s

SPI_IRQHandler 00000044

Symbol: SPI_IRQHandler
   Definitions
      At line 237 in file template.s
   Uses
      At line 76 in file template.s
      At line 201 in file template.s

SSP0_IRQHandler 00000044

Symbol: SSP0_IRQHandler
   Definitions
      At line 238 in file template.s
   Uses
      At line 77 in file template.s
      At line 202 in file template.s

SSP1_IRQHandler 00000044



ARM Macro Assembler    Page 6 Alphabetic symbol ordering
Relocatable symbols


Symbol: SSP1_IRQHandler
   Definitions
      At line 239 in file template.s
   Uses
      At line 78 in file template.s
      At line 203 in file template.s

SVC_Handler 0000001C

Symbol: SVC_Handler
   Definitions
      At line 154 in file template.s
   Uses
      At line 56 in file template.s
      At line 155 in file template.s

SysTick_Handler 00000042

Symbol: SysTick_Handler
   Definitions
      At line 181 in file template.s
   Uses
      At line 60 in file template.s
      At line 182 in file template.s

TIMER0_IRQHandler 00000044

Symbol: TIMER0_IRQHandler
   Definitions
      At line 225 in file template.s
   Uses
      At line 64 in file template.s
      At line 189 in file template.s

TIMER1_IRQHandler 00000044

Symbol: TIMER1_IRQHandler
   Definitions
      At line 226 in file template.s
   Uses
      At line 65 in file template.s
      At line 190 in file template.s

TIMER2_IRQHandler 00000044

Symbol: TIMER2_IRQHandler
   Definitions
      At line 227 in file template.s
   Uses
      At line 66 in file template.s
      At line 191 in file template.s

TIMER3_IRQHandler 00000044

Symbol: TIMER3_IRQHandler
   Definitions
      At line 228 in file template.s
   Uses



ARM Macro Assembler    Page 7 Alphabetic symbol ordering
Relocatable symbols

      At line 67 in file template.s
      At line 192 in file template.s

UART0_IRQHandler 00000044

Symbol: UART0_IRQHandler
   Definitions
      At line 229 in file template.s
   Uses
      At line 68 in file template.s
      At line 193 in file template.s

UART1_IRQHandler 00000044

Symbol: UART1_IRQHandler
   Definitions
      At line 230 in file template.s
   Uses
      At line 69 in file template.s
      At line 194 in file template.s

UART2_IRQHandler 00000044

Symbol: UART2_IRQHandler
   Definitions
      At line 231 in file template.s
   Uses
      At line 70 in file template.s
      At line 195 in file template.s

UART3_IRQHandler 00000044

Symbol: UART3_IRQHandler
   Definitions
      At line 232 in file template.s
   Uses
      At line 71 in file template.s
      At line 196 in file template.s

USBActivity_IRQHandler 00000044

Symbol: USBActivity_IRQHandler
   Definitions
      At line 257 in file template.s
   Uses
      At line 96 in file template.s
      At line 221 in file template.s

USB_IRQHandler 00000044

Symbol: USB_IRQHandler
   Definitions
      At line 248 in file template.s
   Uses
      At line 87 in file template.s
      At line 212 in file template.s

UsageFault_Handler 0000001A




ARM Macro Assembler    Page 8 Alphabetic symbol ordering
Relocatable symbols

Symbol: UsageFault_Handler
   Definitions
      At line 150 in file template.s
   Uses
      At line 51 in file template.s
      At line 151 in file template.s

WDT_IRQHandler 00000044

Symbol: WDT_IRQHandler
   Definitions
      At line 224 in file template.s
   Uses
      At line 63 in file template.s
      At line 188 in file template.s

uscita 00000038

Symbol: uscita
   Definitions
      At line 168 in file template.s
   Uses
      At line 165 in file template.s
Comment: uscita used once
49 symbols



ARM Macro Assembler    Page 1 Alphabetic symbol ordering
Absolute symbols

Heap_Size 00000200

Symbol: Heap_Size
   Definitions
      At line 28 in file template.s
   Uses
      At line 32 in file template.s
Comment: Heap_Size used once
Stack_Size 00000200

Symbol: Stack_Size
   Definitions
      At line 14 in file template.s
   Uses
      At line 17 in file template.s
      At line 18 in file template.s

2 symbols
400 symbols in table
