


ARM Macro Assembler    Page 1 


    1 00000000         ;/******************************************************
                       ********************//**
    2 00000000         ; * @file     startup_LPC17xx.s
    3 00000000         ; * @brief    CMSIS Cortex-M3 Core Device Startup File f
                       or
    4 00000000         ; *           NXP LPC17xx Device Series
    5 00000000         ; * @version  V1.10
    6 00000000         ; * @date     06. April 2011
    7 00000000         ; *
    8 00000000         ; * @note
    9 00000000         ; * Copyright (C) 2009-2011 ARM Limited. All rights rese
                       rved.
   10 00000000         ; *
   11 00000000         ; * @par
   12 00000000         ; * ARM Limited (ARM) is supplying this software for use
                        with Cortex-M
   13 00000000         ; * processor based microcontrollers.  This file can be 
                       freely distributed
   14 00000000         ; * within development tools that are supporting such AR
                       M based processors.
   15 00000000         ; *
   16 00000000         ; * @par
   17 00000000         ; * THIS SOFTWARE IS PROVIDED "AS IS".  NO WARRANTIES, W
                       HETHER EXPRESS, IMPLIED
   18 00000000         ; * OR STATUTORY, INCLUDING, BUT NOT LIMITED TO, IMPLIED
                        WARRANTIES OF
   19 00000000         ; * MERCHANTABILITY AND FITNESS FOR A PARTICULAR PURPOSE
                        APPLY TO THIS SOFTWARE.
   20 00000000         ; * ARM SHALL NOT, IN ANY CIRCUMSTANCES, BE LIABLE FOR S
                       PECIAL, INCIDENTAL, OR
   21 00000000         ; * CONSEQUENTIAL DAMAGES, FOR ANY REASON WHATSOEVER.
   22 00000000         ; *
   23 00000000         ; ******************************************************
                       ************************/
   24 00000000         
   25 00000000         ; *------- <<< Use Configuration Wizard in Context Menu 
                       >>> ------------------
   26 00000000         
   27 00000000         ; <h> Stack Configuration
   28 00000000         ;   <o> Stack Size (in Bytes) <0x0-0xFFFFFFFF:8>
   29 00000000         ; </h>
   30 00000000         
   31 00000000 00000200 
                       Stack_Size
                               EQU              0x00000200
   32 00000000         
   33 00000000                 AREA             STACK, NOINIT, READWRITE, ALIGN
=3
   34 00000000         Stack_Mem
                               SPACE            Stack_Size
   35 00000200         __initial_sp
   36 00000200         
   37 00000200         
   38 00000200         ; <h> Heap Configuration
   39 00000200         ;   <o>  Heap Size (in Bytes) <0x0-0xFFFFFFFF:8>
   40 00000200         ; </h>
   41 00000200         
   42 00000200 00000000 
                       Heap_Size



ARM Macro Assembler    Page 2 


                               EQU              0x00000000
   43 00000200         
   44 00000200                 AREA             HEAP, NOINIT, READWRITE, ALIGN=
3
   45 00000000         __heap_base
   46 00000000         Heap_Mem
                               SPACE            Heap_Size
   47 00000000         __heap_limit
   48 00000000         
   49 00000000         
   50 00000000                 PRESERVE8
   51 00000000                 THUMB
   52 00000000         
   53 00000000         
   54 00000000         ; Vector Table Mapped to Address 0 at Reset
   55 00000000         
   56 00000000                 AREA             RESET, DATA, READONLY
   57 00000000                 EXPORT           __Vectors
   58 00000000         
   59 00000000 00000000 
                       __Vectors
                               DCD              __initial_sp ; Top of Stack
   60 00000004 00000000        DCD              Reset_Handler ; Reset Handler
   61 00000008 00000000        DCD              NMI_Handler ; NMI Handler
   62 0000000C 00000000        DCD              HardFault_Handler ; Hard Fault 
                                                            Handler
   63 00000010 00000000        DCD              MemManage_Handler 
                                                            ; MPU Fault Handler
                                                            
   64 00000014 00000000        DCD              BusFault_Handler 
                                                            ; Bus Fault Handler
                                                            
   65 00000018 00000000        DCD              UsageFault_Handler ; Usage Faul
                                                            t Handler
   66 0000001C 00000000        DCD              0           ; Reserved
   67 00000020 00000000        DCD              0           ; Reserved
   68 00000024 00000000        DCD              0           ; Reserved
   69 00000028 00000000        DCD              0           ; Reserved
   70 0000002C 00000000        DCD              SVC_Handler ; SVCall Handler
   71 00000030 00000000        DCD              DebugMon_Handler ; Debug Monito
                                                            r Handler
   72 00000034 00000000        DCD              0           ; Reserved
   73 00000038 00000000        DCD              PendSV_Handler ; PendSV Handler
                                                            
   74 0000003C 00000000        DCD              SysTick_Handler 
                                                            ; SysTick Handler
   75 00000040         
   76 00000040         ; External Interrupts
   77 00000040 00000000        DCD              WDT_IRQHandler ; 16: Watchdog T
                                                            imer
   78 00000044 00000000        DCD              TIMER0_IRQHandler ; 17: Timer0
   79 00000048 00000000        DCD              TIMER1_IRQHandler ; 18: Timer1
   80 0000004C 00000000        DCD              TIMER2_IRQHandler ; 19: Timer2
   81 00000050 00000000        DCD              TIMER3_IRQHandler ; 20: Timer3
   82 00000054 00000000        DCD              UART0_IRQHandler ; 21: UART0
   83 00000058 00000000        DCD              UART1_IRQHandler ; 22: UART1
   84 0000005C 00000000        DCD              UART2_IRQHandler ; 23: UART2
   85 00000060 00000000        DCD              UART3_IRQHandler ; 24: UART3
   86 00000064 00000000        DCD              PWM1_IRQHandler ; 25: PWM1



ARM Macro Assembler    Page 3 


   87 00000068 00000000        DCD              I2C0_IRQHandler ; 26: I2C0
   88 0000006C 00000000        DCD              I2C1_IRQHandler ; 27: I2C1
   89 00000070 00000000        DCD              I2C2_IRQHandler ; 28: I2C2
   90 00000074 00000000        DCD              SPI_IRQHandler ; 29: SPI
   91 00000078 00000000        DCD              SSP0_IRQHandler ; 30: SSP0
   92 0000007C 00000000        DCD              SSP1_IRQHandler ; 31: SSP1
   93 00000080 00000000        DCD              PLL0_IRQHandler ; 32: PLL0 Lock
                                                             (Main PLL)
   94 00000084 00000000        DCD              RTC_IRQHandler ; 33: Real Time 
                                                            Clock
   95 00000088 00000000        DCD              EINT0_IRQHandler ; 34: External
                                                             Interrupt 0
   96 0000008C 00000000        DCD              EINT1_IRQHandler ; 35: External
                                                             Interrupt 1
   97 00000090 00000000        DCD              EINT2_IRQHandler ; 36: External
                                                             Interrupt 2
   98 00000094 00000000        DCD              EINT3_IRQHandler ; 37: External
                                                             Interrupt 3
   99 00000098 00000000        DCD              ADC_IRQHandler 
                                                            ; 38: A/D Converter
                                                            
  100 0000009C 00000000        DCD              BOD_IRQHandler ; 39: Brown-Out 
                                                            Detect
  101 000000A0 00000000        DCD              USB_IRQHandler ; 40: USB
  102 000000A4 00000000        DCD              CAN_IRQHandler ; 41: CAN
  103 000000A8 00000000        DCD              DMA_IRQHandler ; 42: General Pu
                                                            rpose DMA
  104 000000AC 00000000        DCD              I2S_IRQHandler ; 43: I2S
  105 000000B0 00000000        DCD              ENET_IRQHandler ; 44: Ethernet
  106 000000B4 00000000        DCD              RIT_IRQHandler ; 45: Repetitive
                                                             Interrupt Timer
  107 000000B8 00000000        DCD              MCPWM_IRQHandler ; 46: Motor Co
                                                            ntrol PWM
  108 000000BC 00000000        DCD              QEI_IRQHandler ; 47: Quadrature
                                                             Encoder Interface
  109 000000C0 00000000        DCD              PLL1_IRQHandler ; 48: PLL1 Lock
                                                             (USB PLL)
  110 000000C4 00000000        DCD              USBActivity_IRQHandler ; 49: US
                                                            B Activity interrup
                                                            t to wakeup
  111 000000C8 00000000        DCD              CANActivity_IRQHandler ; 50: CA
                                                            N Activity interrup
                                                            t to wakeup
  112 000000CC         
  113 000000CC         
  114 000000CC                 IF               :LNOT::DEF:NO_CRP
  115 000000CC                 AREA             |.ARM.__at_0x02FC|, CODE, READO
NLY
  116 00000000 FFFFFFFF 
                       CRP_Key DCD              0xFFFFFFFF
  117 00000004                 ENDIF
  118 00000004         
  119 00000004         
  120 00000004                 AREA             |.text|, CODE, READONLY, align=
3
  121 00000000         
  122 00000000         
  123 00000000         ; Reset Handler
  124 00000000         



ARM Macro Assembler    Page 4 


  125 00000000         Reset_Handler
                               PROC
  126 00000000                 EXPORT           Reset_Handler             [WEAK
]
  127 00000000 4820            LDR              R0, =Reset_Handler
  128 00000002         
  129 00000002         ; your code here 
  130 00000002         ;exercise 1  
  131 00000002 F06F 0101       MOV              R1, #0xFFFFFFFE
  132 00000006 F04F 0303       MOV              R3, #0x00000003
  133 0000000A F04F 0402       MOV              R4, #0x00000002
  134 0000000E         
  135 0000000E 18CA            ADDS             R2, R1, R3  ; R2 = R1+R3
  136 00000010 1AA5            SUBS             R5, R4, R2  ; R5 = R4-R2
  137 00000012         
  138 00000012 F04F 0110       MOV              R1, #0x00000010
  139 00000016 F04F 0300       MOV              R3, #0x00000000
  140 0000001A F04F 0405       MOV              R4, #0x00000005
  141 0000001E         
  142 0000001E 18CA            ADDS             R2, R1, R3  ; R2 = R1+R3
  143 00000020 1AA5            SUBS             R5, R4, R2  ; R5 = R4-R2
  144 00000022         
  145 00000022 F06F 4100       MOV              R1, #0x7FFFFFFF
  146 00000026 F04F 0301       MOV              R3, #0x00000001
  147 0000002A F04F 0405       MOV              R4, #0x00000005
  148 0000002E         
  149 0000002E 18CA            ADDS             R2, R1, R3  ; R2 = R1+R3
  150 00000030 1AA5            SUBS             R5, R4, R2  ; R5 = R4-R2
  151 00000032         
  152 00000032 F06F 0104       MOV              R1, #0xFFFFFFFB
  153 00000036 F04F 0301       MOV              R3, #0x00000001
  154 0000003A F06F 040F       MOV              R4, #0xFFFFFFF0
  155 0000003E         
  156 0000003E 18CA            ADDS             R2, R1, R3  ; R2 = R1+R3
  157 00000040 1AA5            SUBS             R5, R4, R2  ; R5 = R4-R2
  158 00000042         
  159 00000042 F04F 0100       MOV              R1, #0x00000000
  160 00000046 F04F 0300       MOV              R3, #0x00000000
  161 0000004A F04F 0400       MOV              R4, #0x00000000
  162 0000004E         
  163 0000004E 18CA            ADDS             R2, R1, R3  ; R2 = R1+R3
  164 00000050 1AA5            SUBS             R5, R4, R2  ; R5 = R4-R2
  165 00000052         
  166 00000052         
  167 00000052         
  168 00000052         ;exercise 2
  169 00000052 F04F 0201       MOV              R2, #0x1
  170 00000056 F04F 0302       MOV              R3, #0x2
  171 0000005A         
  172 0000005A 1AD1            SUBS             R1, R2, R3  ;update flag for co
                                                            ntrol
  173 0000005C D004            BEQ              Register_Equal
  174 0000005E         ;not equal R5 = min(R2,R3)
  175 0000005E DB01            BLT              R2_Smaller
  176 00000060         
  177 00000060 461D            MOV              R5,R3
  178 00000062 E004            B                the_end
  179 00000064         
  180 00000064         R2_Smaller



ARM Macro Assembler    Page 5 


  181 00000064 4615            MOV              R5, R2
  182 00000066 E002            B                the_end
  183 00000068         
  184 00000068         ;equal R4 = (R3<<1)+R2
  185 00000068         Register_Equal
  186 00000068 EA4F 0443       LSL              R4, R3, #1
  187 0000006C 4414            ADD              R4, R4, R2
  188 0000006E         
  189 0000006E         the_end
  190 0000006E         
  191 0000006E 4700            BX               R0
  192 00000070                 ENDP
  193 00000070         
  194 00000070         
  195 00000070         ; Dummy Exception Handlers (infinite loops which can be 
                       modified)
  196 00000070         
  197 00000070         NMI_Handler
                               PROC
  198 00000070                 EXPORT           NMI_Handler               [WEAK
]
  199 00000070 E7FE            B                .
  200 00000072                 ENDP
  202 00000072         HardFault_Handler
                               PROC
  203 00000072                 EXPORT           HardFault_Handler         [WEAK
]
  204 00000072 E7FE            B                .
  205 00000074                 ENDP
  207 00000074         MemManage_Handler
                               PROC
  208 00000074                 EXPORT           MemManage_Handler         [WEAK
]
  209 00000074 E7FE            B                .
  210 00000076                 ENDP
  212 00000076         BusFault_Handler
                               PROC
  213 00000076                 EXPORT           BusFault_Handler          [WEAK
]
  214 00000076 E7FE            B                .
  215 00000078                 ENDP
  217 00000078         UsageFault_Handler
                               PROC
  218 00000078                 EXPORT           UsageFault_Handler        [WEAK
]
  219 00000078 E7FE            B                .
  220 0000007A                 ENDP
  221 0000007A         SVC_Handler
                               PROC
  222 0000007A                 EXPORT           SVC_Handler               [WEAK
]
  223 0000007A E7FE            B                .
  224 0000007C                 ENDP
  226 0000007C         DebugMon_Handler
                               PROC
  227 0000007C                 EXPORT           DebugMon_Handler          [WEAK
]
  228 0000007C E7FE            B                .
  229 0000007E                 ENDP



ARM Macro Assembler    Page 6 


  230 0000007E         PendSV_Handler
                               PROC
  231 0000007E                 EXPORT           PendSV_Handler            [WEAK
]
  232 0000007E E7FE            B                .
  233 00000080                 ENDP
  234 00000080         SysTick_Handler
                               PROC
  235 00000080                 EXPORT           SysTick_Handler           [WEAK
]
  236 00000080 E7FE            B                .
  237 00000082                 ENDP
  238 00000082         
  239 00000082         Default_Handler
                               PROC
  240 00000082         
  241 00000082                 EXPORT           WDT_IRQHandler            [WEAK
]
  242 00000082                 EXPORT           TIMER0_IRQHandler         [WEAK
]
  243 00000082                 EXPORT           TIMER1_IRQHandler         [WEAK
]
  244 00000082                 EXPORT           TIMER2_IRQHandler         [WEAK
]
  245 00000082                 EXPORT           TIMER3_IRQHandler         [WEAK
]
  246 00000082                 EXPORT           UART0_IRQHandler          [WEAK
]
  247 00000082                 EXPORT           UART1_IRQHandler          [WEAK
]
  248 00000082                 EXPORT           UART2_IRQHandler          [WEAK
]
  249 00000082                 EXPORT           UART3_IRQHandler          [WEAK
]
  250 00000082                 EXPORT           PWM1_IRQHandler           [WEAK
]
  251 00000082                 EXPORT           I2C0_IRQHandler           [WEAK
]
  252 00000082                 EXPORT           I2C1_IRQHandler           [WEAK
]
  253 00000082                 EXPORT           I2C2_IRQHandler           [WEAK
]
  254 00000082                 EXPORT           SPI_IRQHandler            [WEAK
]
  255 00000082                 EXPORT           SSP0_IRQHandler           [WEAK
]
  256 00000082                 EXPORT           SSP1_IRQHandler           [WEAK
]
  257 00000082                 EXPORT           PLL0_IRQHandler           [WEAK
]
  258 00000082                 EXPORT           RTC_IRQHandler            [WEAK
]
  259 00000082                 EXPORT           EINT0_IRQHandler          [WEAK
]
  260 00000082                 EXPORT           EINT1_IRQHandler          [WEAK
]
  261 00000082                 EXPORT           EINT2_IRQHandler          [WEAK
]
  262 00000082                 EXPORT           EINT3_IRQHandler          [WEAK



ARM Macro Assembler    Page 7 


]
  263 00000082                 EXPORT           ADC_IRQHandler            [WEAK
]
  264 00000082                 EXPORT           BOD_IRQHandler            [WEAK
]
  265 00000082                 EXPORT           USB_IRQHandler            [WEAK
]
  266 00000082                 EXPORT           CAN_IRQHandler            [WEAK
]
  267 00000082                 EXPORT           DMA_IRQHandler            [WEAK
]
  268 00000082                 EXPORT           I2S_IRQHandler            [WEAK
]
  269 00000082                 EXPORT           ENET_IRQHandler           [WEAK
]
  270 00000082                 EXPORT           RIT_IRQHandler            [WEAK
]
  271 00000082                 EXPORT           MCPWM_IRQHandler          [WEAK
]
  272 00000082                 EXPORT           QEI_IRQHandler            [WEAK
]
  273 00000082                 EXPORT           PLL1_IRQHandler           [WEAK
]
  274 00000082                 EXPORT           USBActivity_IRQHandler    [WEAK
]
  275 00000082                 EXPORT           CANActivity_IRQHandler    [WEAK
]
  276 00000082         
  277 00000082         WDT_IRQHandler
  278 00000082         TIMER0_IRQHandler
  279 00000082         TIMER1_IRQHandler
  280 00000082         TIMER2_IRQHandler
  281 00000082         TIMER3_IRQHandler
  282 00000082         UART0_IRQHandler
  283 00000082         UART1_IRQHandler
  284 00000082         UART2_IRQHandler
  285 00000082         UART3_IRQHandler
  286 00000082         PWM1_IRQHandler
  287 00000082         I2C0_IRQHandler
  288 00000082         I2C1_IRQHandler
  289 00000082         I2C2_IRQHandler
  290 00000082         SPI_IRQHandler
  291 00000082         SSP0_IRQHandler
  292 00000082         SSP1_IRQHandler
  293 00000082         PLL0_IRQHandler
  294 00000082         RTC_IRQHandler
  295 00000082         EINT0_IRQHandler
  296 00000082         EINT1_IRQHandler
  297 00000082         EINT2_IRQHandler
  298 00000082         EINT3_IRQHandler
  299 00000082         ADC_IRQHandler
  300 00000082         BOD_IRQHandler
  301 00000082         USB_IRQHandler
  302 00000082         CAN_IRQHandler
  303 00000082         DMA_IRQHandler
  304 00000082         I2S_IRQHandler
  305 00000082         ENET_IRQHandler
  306 00000082         RIT_IRQHandler
  307 00000082         MCPWM_IRQHandler



ARM Macro Assembler    Page 8 


  308 00000082         QEI_IRQHandler
  309 00000082         PLL1_IRQHandler
  310 00000082         USBActivity_IRQHandler
  311 00000082         CANActivity_IRQHandler
  312 00000082         
  313 00000082 E7FE            B                .
  314 00000084         
  315 00000084                 ENDP
  316 00000084         
  317 00000084         
  318 00000084                 ALIGN
  319 00000084         
  320 00000084         
  321 00000084         ; User Initial Stack & Heap
  322 00000084         
  323 00000084                 EXPORT           __initial_sp
  324 00000084                 EXPORT           __heap_base
  325 00000084                 EXPORT           __heap_limit
  326 00000084         
  327 00000084                 END
              00000000 
Command Line: --debug --xref --diag_suppress=9931 --cpu=Cortex-M3 --apcs=interw
ork --depend=.\startup.d -o.\startup.o -I.\RTE\_Target_1 -IC:\Users\nickt\AppDa
ta\Local\arm\packs\ARM\CMSIS\5.9.0\CMSIS\Core\Include -IC:\Users\nickt\AppData\
Local\arm\packs\Keil\LPC1700_DFP\2.7.1\Device\Include --predefine="__UVISION_VE
RSION SETA 538" --predefine="_RTE_ SETA 1" --predefine="LPC175x_6x SETA 1" --pr
edefine="_RTE_ SETA 1" --list=.\startup.lst startup.s



ARM Macro Assembler    Page 1 Alphabetic symbol ordering
Relocatable symbols

STACK 00000000

Symbol: STACK
   Definitions
      At line 33 in file startup.s
   Uses
      None
Comment: STACK unused
Stack_Mem 00000000

Symbol: Stack_Mem
   Definitions
      At line 34 in file startup.s
   Uses
      None
Comment: Stack_Mem unused
__initial_sp 00000200

Symbol: __initial_sp
   Definitions
      At line 35 in file startup.s
   Uses
      At line 59 in file startup.s
      At line 323 in file startup.s

3 symbols



ARM Macro Assembler    Page 1 Alphabetic symbol ordering
Relocatable symbols

HEAP 00000000

Symbol: HEAP
   Definitions
      At line 44 in file startup.s
   Uses
      None
Comment: HEAP unused
Heap_Mem 00000000

Symbol: Heap_Mem
   Definitions
      At line 46 in file startup.s
   Uses
      None
Comment: Heap_Mem unused
__heap_base 00000000

Symbol: __heap_base
   Definitions
      At line 45 in file startup.s
   Uses
      At line 324 in file startup.s
Comment: __heap_base used once
__heap_limit 00000000

Symbol: __heap_limit
   Definitions
      At line 47 in file startup.s
   Uses
      At line 325 in file startup.s
Comment: __heap_limit used once
4 symbols



ARM Macro Assembler    Page 1 Alphabetic symbol ordering
Relocatable symbols

RESET 00000000

Symbol: RESET
   Definitions
      At line 56 in file startup.s
   Uses
      None
Comment: RESET unused
__Vectors 00000000

Symbol: __Vectors
   Definitions
      At line 59 in file startup.s
   Uses
      At line 57 in file startup.s
Comment: __Vectors used once
2 symbols



ARM Macro Assembler    Page 1 Alphabetic symbol ordering
Relocatable symbols

.ARM.__at_0x02FC 00000000

Symbol: .ARM.__at_0x02FC
   Definitions
      At line 115 in file startup.s
   Uses
      None
Comment: .ARM.__at_0x02FC unused
CRP_Key 00000000

Symbol: CRP_Key
   Definitions
      At line 116 in file startup.s
   Uses
      None
Comment: CRP_Key unused
2 symbols



ARM Macro Assembler    Page 1 Alphabetic symbol ordering
Relocatable symbols

.text 00000000

Symbol: .text
   Definitions
      At line 120 in file startup.s
   Uses
      None
Comment: .text unused
ADC_IRQHandler 00000082

Symbol: ADC_IRQHandler
   Definitions
      At line 299 in file startup.s
   Uses
      At line 99 in file startup.s
      At line 263 in file startup.s

BOD_IRQHandler 00000082

Symbol: BOD_IRQHandler
   Definitions
      At line 300 in file startup.s
   Uses
      At line 100 in file startup.s
      At line 264 in file startup.s

BusFault_Handler 00000076

Symbol: BusFault_Handler
   Definitions
      At line 212 in file startup.s
   Uses
      At line 64 in file startup.s
      At line 213 in file startup.s

CANActivity_IRQHandler 00000082

Symbol: CANActivity_IRQHandler
   Definitions
      At line 311 in file startup.s
   Uses
      At line 111 in file startup.s
      At line 275 in file startup.s

CAN_IRQHandler 00000082

Symbol: CAN_IRQHandler
   Definitions
      At line 302 in file startup.s
   Uses
      At line 102 in file startup.s
      At line 266 in file startup.s

DMA_IRQHandler 00000082

Symbol: DMA_IRQHandler
   Definitions
      At line 303 in file startup.s
   Uses



ARM Macro Assembler    Page 2 Alphabetic symbol ordering
Relocatable symbols

      At line 103 in file startup.s
      At line 267 in file startup.s

DebugMon_Handler 0000007C

Symbol: DebugMon_Handler
   Definitions
      At line 226 in file startup.s
   Uses
      At line 71 in file startup.s
      At line 227 in file startup.s

Default_Handler 00000082

Symbol: Default_Handler
   Definitions
      At line 239 in file startup.s
   Uses
      None
Comment: Default_Handler unused
EINT0_IRQHandler 00000082

Symbol: EINT0_IRQHandler
   Definitions
      At line 295 in file startup.s
   Uses
      At line 95 in file startup.s
      At line 259 in file startup.s

EINT1_IRQHandler 00000082

Symbol: EINT1_IRQHandler
   Definitions
      At line 296 in file startup.s
   Uses
      At line 96 in file startup.s
      At line 260 in file startup.s

EINT2_IRQHandler 00000082

Symbol: EINT2_IRQHandler
   Definitions
      At line 297 in file startup.s
   Uses
      At line 97 in file startup.s
      At line 261 in file startup.s

EINT3_IRQHandler 00000082

Symbol: EINT3_IRQHandler
   Definitions
      At line 298 in file startup.s
   Uses
      At line 98 in file startup.s
      At line 262 in file startup.s

ENET_IRQHandler 00000082

Symbol: ENET_IRQHandler



ARM Macro Assembler    Page 3 Alphabetic symbol ordering
Relocatable symbols

   Definitions
      At line 305 in file startup.s
   Uses
      At line 105 in file startup.s
      At line 269 in file startup.s

HardFault_Handler 00000072

Symbol: HardFault_Handler
   Definitions
      At line 202 in file startup.s
   Uses
      At line 62 in file startup.s
      At line 203 in file startup.s

I2C0_IRQHandler 00000082

Symbol: I2C0_IRQHandler
   Definitions
      At line 287 in file startup.s
   Uses
      At line 87 in file startup.s
      At line 251 in file startup.s

I2C1_IRQHandler 00000082

Symbol: I2C1_IRQHandler
   Definitions
      At line 288 in file startup.s
   Uses
      At line 88 in file startup.s
      At line 252 in file startup.s

I2C2_IRQHandler 00000082

Symbol: I2C2_IRQHandler
   Definitions
      At line 289 in file startup.s
   Uses
      At line 89 in file startup.s
      At line 253 in file startup.s

I2S_IRQHandler 00000082

Symbol: I2S_IRQHandler
   Definitions
      At line 304 in file startup.s
   Uses
      At line 104 in file startup.s
      At line 268 in file startup.s

MCPWM_IRQHandler 00000082

Symbol: MCPWM_IRQHandler
   Definitions
      At line 307 in file startup.s
   Uses
      At line 107 in file startup.s
      At line 271 in file startup.s



ARM Macro Assembler    Page 4 Alphabetic symbol ordering
Relocatable symbols


MemManage_Handler 00000074

Symbol: MemManage_Handler
   Definitions
      At line 207 in file startup.s
   Uses
      At line 63 in file startup.s
      At line 208 in file startup.s

NMI_Handler 00000070

Symbol: NMI_Handler
   Definitions
      At line 197 in file startup.s
   Uses
      At line 61 in file startup.s
      At line 198 in file startup.s

PLL0_IRQHandler 00000082

Symbol: PLL0_IRQHandler
   Definitions
      At line 293 in file startup.s
   Uses
      At line 93 in file startup.s
      At line 257 in file startup.s

PLL1_IRQHandler 00000082

Symbol: PLL1_IRQHandler
   Definitions
      At line 309 in file startup.s
   Uses
      At line 109 in file startup.s
      At line 273 in file startup.s

PWM1_IRQHandler 00000082

Symbol: PWM1_IRQHandler
   Definitions
      At line 286 in file startup.s
   Uses
      At line 86 in file startup.s
      At line 250 in file startup.s

PendSV_Handler 0000007E

Symbol: PendSV_Handler
   Definitions
      At line 230 in file startup.s
   Uses
      At line 73 in file startup.s
      At line 231 in file startup.s

QEI_IRQHandler 00000082

Symbol: QEI_IRQHandler
   Definitions



ARM Macro Assembler    Page 5 Alphabetic symbol ordering
Relocatable symbols

      At line 308 in file startup.s
   Uses
      At line 108 in file startup.s
      At line 272 in file startup.s

R2_Smaller 00000064

Symbol: R2_Smaller
   Definitions
      At line 180 in file startup.s
   Uses
      At line 175 in file startup.s
Comment: R2_Smaller used once
RIT_IRQHandler 00000082

Symbol: RIT_IRQHandler
   Definitions
      At line 306 in file startup.s
   Uses
      At line 106 in file startup.s
      At line 270 in file startup.s

RTC_IRQHandler 00000082

Symbol: RTC_IRQHandler
   Definitions
      At line 294 in file startup.s
   Uses
      At line 94 in file startup.s
      At line 258 in file startup.s

Register_Equal 00000068

Symbol: Register_Equal
   Definitions
      At line 185 in file startup.s
   Uses
      At line 173 in file startup.s
Comment: Register_Equal used once
Reset_Handler 00000000

Symbol: Reset_Handler
   Definitions
      At line 125 in file startup.s
   Uses
      At line 60 in file startup.s
      At line 126 in file startup.s
      At line 127 in file startup.s

SPI_IRQHandler 00000082

Symbol: SPI_IRQHandler
   Definitions
      At line 290 in file startup.s
   Uses
      At line 90 in file startup.s
      At line 254 in file startup.s

SSP0_IRQHandler 00000082



ARM Macro Assembler    Page 6 Alphabetic symbol ordering
Relocatable symbols


Symbol: SSP0_IRQHandler
   Definitions
      At line 291 in file startup.s
   Uses
      At line 91 in file startup.s
      At line 255 in file startup.s

SSP1_IRQHandler 00000082

Symbol: SSP1_IRQHandler
   Definitions
      At line 292 in file startup.s
   Uses
      At line 92 in file startup.s
      At line 256 in file startup.s

SVC_Handler 0000007A

Symbol: SVC_Handler
   Definitions
      At line 221 in file startup.s
   Uses
      At line 70 in file startup.s
      At line 222 in file startup.s

SysTick_Handler 00000080

Symbol: SysTick_Handler
   Definitions
      At line 234 in file startup.s
   Uses
      At line 74 in file startup.s
      At line 235 in file startup.s

TIMER0_IRQHandler 00000082

Symbol: TIMER0_IRQHandler
   Definitions
      At line 278 in file startup.s
   Uses
      At line 78 in file startup.s
      At line 242 in file startup.s

TIMER1_IRQHandler 00000082

Symbol: TIMER1_IRQHandler
   Definitions
      At line 279 in file startup.s
   Uses
      At line 79 in file startup.s
      At line 243 in file startup.s

TIMER2_IRQHandler 00000082

Symbol: TIMER2_IRQHandler
   Definitions
      At line 280 in file startup.s
   Uses



ARM Macro Assembler    Page 7 Alphabetic symbol ordering
Relocatable symbols

      At line 80 in file startup.s
      At line 244 in file startup.s

TIMER3_IRQHandler 00000082

Symbol: TIMER3_IRQHandler
   Definitions
      At line 281 in file startup.s
   Uses
      At line 81 in file startup.s
      At line 245 in file startup.s

UART0_IRQHandler 00000082

Symbol: UART0_IRQHandler
   Definitions
      At line 282 in file startup.s
   Uses
      At line 82 in file startup.s
      At line 246 in file startup.s

UART1_IRQHandler 00000082

Symbol: UART1_IRQHandler
   Definitions
      At line 283 in file startup.s
   Uses
      At line 83 in file startup.s
      At line 247 in file startup.s

UART2_IRQHandler 00000082

Symbol: UART2_IRQHandler
   Definitions
      At line 284 in file startup.s
   Uses
      At line 84 in file startup.s
      At line 248 in file startup.s

UART3_IRQHandler 00000082

Symbol: UART3_IRQHandler
   Definitions
      At line 285 in file startup.s
   Uses
      At line 85 in file startup.s
      At line 249 in file startup.s

USBActivity_IRQHandler 00000082

Symbol: USBActivity_IRQHandler
   Definitions
      At line 310 in file startup.s
   Uses
      At line 110 in file startup.s
      At line 274 in file startup.s

USB_IRQHandler 00000082




ARM Macro Assembler    Page 8 Alphabetic symbol ordering
Relocatable symbols

Symbol: USB_IRQHandler
   Definitions
      At line 301 in file startup.s
   Uses
      At line 101 in file startup.s
      At line 265 in file startup.s

UsageFault_Handler 00000078

Symbol: UsageFault_Handler
   Definitions
      At line 217 in file startup.s
   Uses
      At line 65 in file startup.s
      At line 218 in file startup.s

WDT_IRQHandler 00000082

Symbol: WDT_IRQHandler
   Definitions
      At line 277 in file startup.s
   Uses
      At line 77 in file startup.s
      At line 241 in file startup.s

the_end 0000006E

Symbol: the_end
   Definitions
      At line 189 in file startup.s
   Uses
      At line 178 in file startup.s
      At line 182 in file startup.s

50 symbols



ARM Macro Assembler    Page 1 Alphabetic symbol ordering
Absolute symbols

Heap_Size 00000000

Symbol: Heap_Size
   Definitions
      At line 42 in file startup.s
   Uses
      At line 46 in file startup.s
Comment: Heap_Size used once
Stack_Size 00000200

Symbol: Stack_Size
   Definitions
      At line 31 in file startup.s
   Uses
      At line 34 in file startup.s
Comment: Stack_Size used once
2 symbols
400 symbols in table
