


ARM Macro Assembler    Page 1 


    1 00000000         ;/******************************************************
                       ********************//**
    2 00000000         ; * @file     startup_LPC17xx.s
    3 00000000         ; * @brief    CMSIS Cortex-M3 Core Device Startup File f
                       or
    4 00000000         ; *           NXP LPC17xx Device Series
    5 00000000         ; * @version  V1.10
    6 00000000         ; * @date     06. April 2011
    7 00000000         ; *
    8 00000000         ; * @note
    9 00000000         ; * Copyright (C) 2009-2011 ARM Limited. All rights rese
                       rved.
   10 00000000         ; *
   11 00000000         ; * @par
   12 00000000         ; * ARM Limited (ARM) is supplying this software for use
                        with Cortex-M
   13 00000000         ; * processor based microcontrollers.  This file can be 
                       freely distributed
   14 00000000         ; * within development tools that are supporting such AR
                       M based processors.
   15 00000000         ; *
   16 00000000         ; * @par
   17 00000000         ; * THIS SOFTWARE IS PROVIDED "AS IS".  NO WARRANTIES, W
                       HETHER EXPRESS, IMPLIED
   18 00000000         ; * OR STATUTORY, INCLUDING, BUT NOT LIMITED TO, IMPLIED
                        WARRANTIES OF
   19 00000000         ; * MERCHANTABILITY AND FITNESS FOR A PARTICULAR PURPOSE
                        APPLY TO THIS SOFTWARE.
   20 00000000         ; * ARM SHALL NOT, IN ANY CIRCUMSTANCES, BE LIABLE FOR S
                       PECIAL, INCIDENTAL, OR
   21 00000000         ; * CONSEQUENTIAL DAMAGES, FOR ANY REASON WHATSOEVER.
   22 00000000         ; *
   23 00000000         ; ******************************************************
                       ************************/
   24 00000000         
   25 00000000         ; *------- <<< Use Configuration Wizard in Context Menu 
                       >>> ------------------
   26 00000000         
   27 00000000         ; <h> Stack Configuration
   28 00000000         ;   <o> Stack Size (in Bytes) <0x0-0xFFFFFFFF:8>
   29 00000000         ; </h>
   30 00000000         
   31 00000000 00000200 
                       Stack_Size
                               EQU              0x00000200
   32 00000000         
   33 00000000                 AREA             STACK, NOINIT, READWRITE, ALIGN
=3
   34 00000000         Stack_Mem
                               SPACE            Stack_Size
   35 00000200         __initial_sp
   36 00000200         
   37 00000200         
   38 00000200         ; <h> Heap Configuration
   39 00000200         ;   <o>  Heap Size (in Bytes) <0x0-0xFFFFFFFF:8>
   40 00000200         ; </h>
   41 00000200         
   42 00000200 00000000 
                       Heap_Size



ARM Macro Assembler    Page 2 


                               EQU              0x00000000
   43 00000200         
   44 00000200                 AREA             HEAP, NOINIT, READWRITE, ALIGN=
3
   45 00000000         __heap_base
   46 00000000         Heap_Mem
                               SPACE            Heap_Size
   47 00000000         __heap_limit
   48 00000000         
   49 00000000         
   50 00000000                 PRESERVE8
   51 00000000                 THUMB
   52 00000000         
   53 00000000         
   54 00000000         ; Vector Table Mapped to Address 0 at Reset
   55 00000000         
   56 00000000                 AREA             RESET, DATA, READONLY
   57 00000000                 EXPORT           __Vectors
   58 00000000         
   59 00000000 00000000 
                       __Vectors
                               DCD              __initial_sp ; Top of Stack
   60 00000004 00000000        DCD              Reset_Handler ; Reset Handler
   61 00000008 00000000        DCD              NMI_Handler ; NMI Handler
   62 0000000C 00000000        DCD              HardFault_Handler ; Hard Fault 
                                                            Handler
   63 00000010 00000000        DCD              MemManage_Handler 
                                                            ; MPU Fault Handler
                                                            
   64 00000014 00000000        DCD              BusFault_Handler 
                                                            ; Bus Fault Handler
                                                            
   65 00000018 00000000        DCD              UsageFault_Handler ; Usage Faul
                                                            t Handler
   66 0000001C 00000000        DCD              0           ; Reserved
   67 00000020 00000000        DCD              0           ; Reserved
   68 00000024 00000000        DCD              0           ; Reserved
   69 00000028 00000000        DCD              0           ; Reserved
   70 0000002C 00000000        DCD              SVC_Handler ; SVCall Handler
   71 00000030 00000000        DCD              DebugMon_Handler ; Debug Monito
                                                            r Handler
   72 00000034 00000000        DCD              0           ; Reserved
   73 00000038 00000000        DCD              PendSV_Handler ; PendSV Handler
                                                            
   74 0000003C 00000000        DCD              SysTick_Handler 
                                                            ; SysTick Handler
   75 00000040         
   76 00000040         ; External Interrupts
   77 00000040 00000000        DCD              WDT_IRQHandler ; 16: Watchdog T
                                                            imer
   78 00000044 00000000        DCD              TIMER0_IRQHandler ; 17: Timer0
   79 00000048 00000000        DCD              TIMER1_IRQHandler ; 18: Timer1
   80 0000004C 00000000        DCD              TIMER2_IRQHandler ; 19: Timer2
   81 00000050 00000000        DCD              TIMER3_IRQHandler ; 20: Timer3
   82 00000054 00000000        DCD              UART0_IRQHandler ; 21: UART0
   83 00000058 00000000        DCD              UART1_IRQHandler ; 22: UART1
   84 0000005C 00000000        DCD              UART2_IRQHandler ; 23: UART2
   85 00000060 00000000        DCD              UART3_IRQHandler ; 24: UART3
   86 00000064 00000000        DCD              PWM1_IRQHandler ; 25: PWM1



ARM Macro Assembler    Page 3 


   87 00000068 00000000        DCD              I2C0_IRQHandler ; 26: I2C0
   88 0000006C 00000000        DCD              I2C1_IRQHandler ; 27: I2C1
   89 00000070 00000000        DCD              I2C2_IRQHandler ; 28: I2C2
   90 00000074 00000000        DCD              SPI_IRQHandler ; 29: SPI
   91 00000078 00000000        DCD              SSP0_IRQHandler ; 30: SSP0
   92 0000007C 00000000        DCD              SSP1_IRQHandler ; 31: SSP1
   93 00000080 00000000        DCD              PLL0_IRQHandler ; 32: PLL0 Lock
                                                             (Main PLL)
   94 00000084 00000000        DCD              RTC_IRQHandler ; 33: Real Time 
                                                            Clock
   95 00000088 00000000        DCD              EINT0_IRQHandler ; 34: External
                                                             Interrupt 0
   96 0000008C 00000000        DCD              EINT1_IRQHandler ; 35: External
                                                             Interrupt 1
   97 00000090 00000000        DCD              EINT2_IRQHandler ; 36: External
                                                             Interrupt 2
   98 00000094 00000000        DCD              EINT3_IRQHandler ; 37: External
                                                             Interrupt 3
   99 00000098 00000000        DCD              ADC_IRQHandler 
                                                            ; 38: A/D Converter
                                                            
  100 0000009C 00000000        DCD              BOD_IRQHandler ; 39: Brown-Out 
                                                            Detect
  101 000000A0 00000000        DCD              USB_IRQHandler ; 40: USB
  102 000000A4 00000000        DCD              CAN_IRQHandler ; 41: CAN
  103 000000A8 00000000        DCD              DMA_IRQHandler ; 42: General Pu
                                                            rpose DMA
  104 000000AC 00000000        DCD              I2S_IRQHandler ; 43: I2S
  105 000000B0 00000000        DCD              ENET_IRQHandler ; 44: Ethernet
  106 000000B4 00000000        DCD              RIT_IRQHandler ; 45: Repetitive
                                                             Interrupt Timer
  107 000000B8 00000000        DCD              MCPWM_IRQHandler ; 46: Motor Co
                                                            ntrol PWM
  108 000000BC 00000000        DCD              QEI_IRQHandler ; 47: Quadrature
                                                             Encoder Interface
  109 000000C0 00000000        DCD              PLL1_IRQHandler ; 48: PLL1 Lock
                                                             (USB PLL)
  110 000000C4 00000000        DCD              USBActivity_IRQHandler ; 49: US
                                                            B Activity interrup
                                                            t to wakeup
  111 000000C8 00000000        DCD              CANActivity_IRQHandler ; 50: CA
                                                            N Activity interrup
                                                            t to wakeup
  112 000000CC         
  113 000000CC         
  114 000000CC                 IF               :LNOT::DEF:NO_CRP
  115 000000CC                 AREA             |.ARM.__at_0x02FC|, CODE, READO
NLY
  116 00000000 FFFFFFFF 
                       CRP_Key DCD              0xFFFFFFFF
  117 00000004                 ENDIF
  118 00000004         
  119 00000004         
  120 00000004                 AREA             |.text|, CODE, READONLY, align=
3
  121 00000000         
  122 00000000 0000000E 
                       vec_food
                               EQU              14          ;lunghezza vettore 



ARM Macro Assembler    Page 4 


                                                            Calories_food
  123 00000000 00000006 
                       vec_sport
                               EQU              6           ;lunghezza vettore 
                                                            Calories_sport
  124 00000000 000001F4 
                       cal_min EQU              500         ;costante per fare 
                                                            il compare (sotto 5
                                                            00 calorie incremen
                                                            to r11)
  125 00000000        B 
                       giorni_inf
                               RN               11          ;R11 che indica il 
                                                            registro da increme
                                                            ntare
  126 00000000        4 
                       sum_cal RN               4           ;lo uso per sottrar
                                                            re le calorie
  127 00000000        1 
                       calories_food
                               RN               1           ;registro dove c'è 
                                                            il vettore calories
                                                             food
  128 00000000        2 
                       calories_sport
                               RN               2           ;registro dove c'è 
                                                            il vettore calories
                                                             sport
  129 00000000        3 
                       current_day_f
                               RN               3           ;registro dove legg
                                                            o il giorno corrent
                                                            e per array food
  130 00000000        8 
                       current_day_s
                               RN               8           ;registro dove legg
                                                            o il giorno corrent
                                                            e per array spor
  131 00000000        9 
                       current_cal
                               RN               9           ;registro dove mett
                                                            o la caloria appena
                                                             letta
  132 00000000        5 
                       caloria_act
                               RN               5
  133 00000000        6 
                       i       RN               6           ;indice per scorrer
                                                            e array calories_fo
                                                            od
  134 00000000        7 
                       j       RN               7           ;indice per scorrer
                                                            e array calories_sp
                                                            ort
  135 00000000         
  136 00000000         
  137 00000000         ; Reset Handler
  138 00000000         
  139 00000000         Reset_Handler



ARM Macro Assembler    Page 5 


                               PROC
  140 00000000                 EXPORT           Reset_Handler             [WEAK
]
  141 00000000 4815            LDR              R0, =Reset_Handler
  142 00000002         
  143 00000002         ; your code here
  144 00000002         ;LDRB days, =Days
  145 00000002 4916            LDR              calories_food, =Calories_food
  146 00000004 4A16            LDR              calories_sport, =Calories_sport
  147 00000006         
  148 00000006 F04F 0600       mov              i, #0       ;inizializzo i a 0
  149 0000000A F04F 0400       mov              sum_cal, #0
  150 0000000E         
  151 0000000E         
  152 0000000E         first_loop
  153 0000000E F04F 0700       mov              j, #0       ;inizializzo j a 0
  154 00000012 F04F 0400       mov              sum_cal, #0 ;inizializzo sum_ca
                                                            l a 0
  155 00000016 2E38            CMP              i, #0x00000038 ;numero massimo 
                                                            per leggere il prim
                                                            o vettore -> 14*4=5
                                                            6  20 per provare
  156 00000018 DA1D            BGE              fine        ;salta se i è > o =
                                                            
  157 0000001A 598B            LDR              current_day_f, [calories_food, 
i] 
                                                            ;legge il giorno co
                                                            rrente dell'array c
                                                            alories_food
  158 0000001C F106 0604       add              i, i, #4    ;incremento i di 4 
                                                            per leggere il valo
                                                            re della caloria
  159 00000020 F851 9006       LDR              current_cal, [calories_food, i]
 
                                                            ;leggo la caloria d
                                                            all'array calories_
                                                            food
  160 00000024 444C            add              sum_cal, sum_cal, current_cal ;
                                                            sommo la caloria ap
                                                            pena letta in sum_c
                                                            al
  161 00000026 F106 0604       add              i, i, #4    ;incremento i di 4
  162 0000002A         
  163 0000002A         second_loop
  164 0000002A 2F14            CMP              j, #0x00000014 ;numero massimo 
                                                            per leggere il seco
                                                            ndo vettore -> DCD 
                                                            0x02, 500, 0x05, 80
                                                            0, 0x06, 400 -> 6*4
                                                            =20
  165 0000002C DAEF            BGE              first_loop  ;se è > o = salta a
                                                             first_loop
  166 0000002E F852 8007       LDR              current_day_s, [calories_sport,
 j] 
                                                            ;legge il giorno co
                                                            rrente dell'array c
                                                            alories_sport
  167 00000032 F107 0704       add              j, j, #4    ;incremento j di 4
  168 00000036 F852 9007       LDR              current_cal, [calories_sport, j



ARM Macro Assembler    Page 6 


] 
                                                            ;leggo la caloria d
                                                            all'array calories_
                                                            sport
  169 0000003A 4598            CMP              current_day_s, current_day_f ;c
                                                            ontrollo se i due g
                                                            iorni sono uguali
  170 0000003C D002            BEQ              uguali      ;se sono uguali sal
                                                            ta ad uguali
  171 0000003E F107 0704       add              j, j, #4    ;incremento j di 4
  172 00000042 E7F2            B                second_loop ;salta a second_loo
                                                            p se non sono ugual
                                                            i
  173 00000044         
  174 00000044         uguali
  175 00000044 EBA4 0409       sub              sum_cal, sum_cal, current_cal ;
                                                            sottraggo da sum_ca
                                                            l la caloria appena
                                                             letta
  176 00000048 F5B4 7FFA       CMP              sum_cal, #0x00001F4 ;controllo 
                                                            se è minore di 500 
                                                            in hex
  177 0000004C DB00            BLT              cal_minore  ;salta a cal_minore
                                                             se è minore di 500
                                                            
  178 0000004E E7EC            B                second_loop ;altrimenti salta a
                                                             second_loop
  179 00000050         
  180 00000050         cal_minore
  181 00000050 F10B 0B01       add              giorni_inf, giorni_inf, #1 ;inc
                                                            rementa r11 di 1
  182 00000054 E7E9            B                second_loop ;salta a second_loo
                                                            p
  183 00000056         
  184 00000056         fine
  185 00000056 4700            BX               R0
  186 00000058                 ENDP
  187 00000058 00000000 
              00000000 
              00000000         LTORG
  188 00000064         
  189 00000064 00 00 00 
              00 00 00 
              00 00 00 
              00 00 00 
              00 00 00 
              00 00 00 
              00 00 00 
              00 00 00 
              00 00 00 
              00 00 00 
              00 00 00 
              00 00 00 
              00 00 00 
              00 00 00 
              00 00 00 
              00 00 00 
              00 00 00 
              00 00 00 



ARM Macro Assembler    Page 7 


              00 00 00 
              00 00 00 
              00 00 00 
              00 00 00 
              00 00 00 
              00 00 00 
              00 00 00 
              00 00 00 
              00 00 00 
              00 00 00 
              00 00 00 
              00 00 00 
              00 00 00 
              00 00 00 
              00 00 00 
              00 00 00 
              00 00 00 
              00 00 00 
              00 00 00 
              00 00 00 
              00 00 00 
              00 00 00 
              00 00 00 
              00 00 00 
              00 00 00 
              00 00 00 
              00 00 00 
              00 00 00 
              00 00 00 
              00 00 00 
              00 00 00 
              00 00 00 
              00 00 00 
              00 00 00 
              00 00 00 
              00 00 00 
              00 00 00 
              00 00 00 
              00 00 00 
              00 00 00 
              00 00 00 
              00 00 00 
              00 00 00 
              00 00 00 
              00 00 00 
              00 00 00 
              00 00 00 
              00 00 00 
              00 00 00 
              00 00 00 
              00 00 00 
              00 00 00 
              00 00 00 
              00 00 00 
              00 00 00 
              00 00 00 
              00 00 00 
              00 00 00 
              00 00 00 



ARM Macro Assembler    Page 8 


              00 00 00 
              00 00 00 
              00 00 00 
              00 00 00 
              00 00 00 
              00 00 00 
              00 00 00 
              00 00 00 
              00 00 00 
              00 00 00 
              00 00 00 
              00 00 00 
              00 00 00 
              00 00 00 
              00 00 00 
              00 00 00 
              00 00 00 
              00 00 00 
              00 00 00 
              00 00 00 
              00 00 00 
              00 00 00 
              00 00 00 
              00 00 00 
              00 00 00 
              00 00 00 
              00 00 00 
              00 00 00 
              00 00 00 
              00 00 00 
              00 00 00 
              00 00 00 
              00 00 00 
              00 00 00 
              00 00 00 
              00 00 00 
              00 00 00 
              00 00 00 
              00 00 00 
              00 00 00 
              00 00 00 
              00 00 00 
              00 00 00 
              00 00 00 
              00 00 00 
              00 00 00 
              00 00 00 
              00 00 00 
              00 00 00 
              00 00 00 
              00 00 00 
              00 00 00 
              00 00 00 
              00 00 00 
              00 00 00 
              00 00 00 
              00 00 00 
              00 00 00 
              00 00 00 



ARM Macro Assembler    Page 9 


              00 00 00 
              00 00 00 
              00 00 00 
              00 00 00 
              00 00 00 
              00 00 00 
              00 00 00 
              00 00 00 
              00 00 00 
              00 00 00 
              00 00 00 
              00 00 00 
              00 00 00 
              00 00 00 
              00 00 00 
              00 00 00 
              00 00 00 
              00 00 00 
              00 00 00 
              00 00 00 
              00 00 00 
              00 00 00 
              00 00 00 
              00 00 00 
              00 00 00 
              00 00 00 
              00 00 00 
              00 00 00 
              00 00 00 
              00 00 00 
              00 00 00 
              00 00 00 
              00 00 00 
              00 00 00 
              00 00 00 
              00 00 00 
              00 00 00 
              00 00 00 
              00 00 00 
              00 00 00 
              00 00 00 
              00 00 00 
              00 00 00 
              00 00 00 
              00 00 00 
              00 00 00 
              00 00 00 
              00 00 00 
              00 00 00 
              00 00 00 
              00 00 00 
              00 00 00 
              00 00 00 
              00 00 00 
              00 00 00 
              00 00 00 
              00 00 00 
              00 00 00 
              00 00 00 



ARM Macro Assembler    Page 10 


              00 00 00 
              00 00 00 
              00 00 00 
              00 00 00 
              00 00 00 
              00 00 00 
              00 00 00 
              00 00 00 
              00 00 00 
              00 00 00 
              00 00 00 
              00 00 00 
              00 00 00 
              00 00 00 
              00 00 00 
              00 00 00 
              00 00 00 
              00 00 00 
              00 00 00 
              00 00 00 
              00 00 00 
              00 00 00 
              00 00 00 
              00 00 00 
              00 00 00 
              00 00 00 
              00 00 00 
              00 00 00 
              00 00 00 
              00 00 00 
              00 00 00 
              00 00 00 
              00 00 00 
              00 00 00 
              00 00 00 
              00 00 00 
              00 00 00 
              00 00 00 
              00 00 00 
              00 00 00 
              00 00 00 
              00 00 00 
              00 00 00 
              00 00 00 
              00 00 00 
              00 00 00 
              00 00 00 
              00 00 00 
              00 00 00 
              00 00 00 
              00 00 00 
              00 00 00 
              00 00 00 
              00 00 00 
              00 00 00 
              00 00 00 
              00 00 00 
              00 00 00 
              00 00 00 



ARM Macro Assembler    Page 11 


              00 00 00 
              00 00 00 
              00 00 00 
              00 00 00 
              00 00 00 
              00 00 00 
              00 00 00 
              00 00 00 
              00 00 00 
              00 00 00 
              00 00 00 
              00 00 00 
              00 00 00 
              00 00 00 
              00 00 00 
              00 00 00 
              00 00 00 
              00 00 00 
              00 00 00 
              00 00 00 
              00 00 00 
              00 00 00 
              00 00 00 
              00 00 00 
              00 00 00 
              00 00 00 
              00 00 00 
              00 00 00 
              00 00 00 
              00 00 00 
              00 00 00 
              00 00 00 
              00 00 00 
              00 00 00 
              00 00 00 
              00 00 00 
              00 00 00 
              00 00 00 
              00 00 00 
              00 00 00 
              00 00 00 
              00 00 00 
              00 00 00 
              00 00 00 
              00 00 00 
              00 00 00 
              00 00 00 
              00 00 00 
              00 00 00 
              00 00 00 
              00 00 00 
              00 00 00 
              00 00 00 
              00 00 00 
              00 00 00 
              00 00 00 
              00 00 00 
              00 00 00 
              00 00 00 



ARM Macro Assembler    Page 12 


              00 00 00 
              00 00 00 
              00 00 00 
              00 00 00 
              00 00 00 
              00 00 00 
              00 00 00 
              00 00 00 
              00 00 00 
              00 00 00 
              00 00 00 
              00 00 00 
              00 00 00 
              00 00 00 
              00 00 00 
              00 00 00 
              00 00 00 
              00 00 00 
              00 00 00 
              00 00 00 
              00 00 00 
              00 00 00 
              00 00 00 
              00 00 00 
              00 00 00 
              00 00 00 
              00 00 00 
              00 00 00 
              00 00 00 
              00 00 00 
              00 00 00 
              00 00 00 
              00 00 00 
              00 00 00 
              00 00 00 
              00 00 00 
              00 00 00 
              00 00 00 
              00 00 00 
              00 00 00 
              00 00 00 
              00 00 00 
              00 00 00 
              00 00 00 
              00 00 00 
              00 00 00 
              00 00 00 
              00 00 00 
              00 00 00 
              00 00 00 
              00 00 00 
              00 00 00 
              00 00 00 
              00 00 00 
              00 00 00 
              00 00 00 
              00 00 00 
              00 00 00 
              00 00 00 



ARM Macro Assembler    Page 13 


              00 00 00 
              00 00 00 
              00 00 00 
              00 00 00 
              00 00 00 
              00 00 00 
              00 00 00 
              00 00 00 
              00 00 00 
              00 00 00 
              00 00 00 
              00 00 00 
              00 00 00 
              00 00 00 
              00 00 00 
              00 00 00 
              00 00 00 
              00 00 00 
              00 00 00 
              00 00 00 
              00 00 00 
              00 00 00 
              00 00 00 
              00 00 00 
              00 00 00 
              00 00 00 
              00 00 00 
              00 00 00 
              00 00 00 
              00 00 00 
              00 00 00 
              00 00 00 
              00 00 00 
              00 00 00 
              00 00 00 
              00 00 00 
              00 00 00 
              00 00 00 
              00 00 00 
              00 00 00 
              00 00 00 
              00 00 00 
              00 00 00 
              00 00 00 
              00 00 00 
              00 00 00 
              00 00 00 
              00 00 00 
              00 00 00 
              00 00 00 
              00 00 00 
              00 00 00 
              00 00 00 
              00 00 00 
              00 00 00 
              00 00 00 
              00 00 00 
              00 00 00 
              00 00 00 



ARM Macro Assembler    Page 14 


              00 00 00 
              00 00 00 
              00 00 00 
              00 00 00 
              00 00 00 
              00 00 00 
              00 00 00 
              00 00 00 
              00 00 00 
              00 00 00 
              00 00 00 
              00 00 00 
              00 00 00 
              00 00 00 
              00 00 00 
              00 00 00 
              00 00 00 
              00 00 00 
              00 00 00 
              00 00 00 
              00 00 00 
              00 00 00 
              00 00 00 
              00 00 00 
              00 00 00 
              00 00 00 
              00 00 00 
              00 00 00 
              00 00 00 
              00 00 00 
              00 00 00 
              00 00 00 
              00 00 00 
              00 00 00 
              00 00 00 
              00 00 00 
              00 00 00 
              00 00 00 
              00 00 00 
              00 00 00 
              00 00 00 
              00 00 00 
              00 00 00 
              00 00 00 
              00 00 00 
              00 00 00 
              00 00 00 
              00 00 00 
              00 00 00 
              00 00 00 
              00 00 00 
              00 00 00 
              00 00 00 
              00 00 00 
              00 00 00 
              00 00 00 
              00 00 00 
              00 00 00 
              00 00 00 



ARM Macro Assembler    Page 15 


              00 00 00 
              00 00 00 
              00 00 00 
              00 00 00 
              00 00 00 
              00 00 00 
              00 00 00 
              00 00 00 
              00 00 00 
              00 00 00 
              00 00 00 
              00 00 00 
              00 00 00 
              00 00 00 
              00 00 00 
              00 00 00 
              00 00 00 
              00 00 00 
              00 00 00 
              00 00 00 
              00 00 00 
              00 00 00 
              00 00 00 
              00 00 00 
              00 00 00 
              00 00 00 
              00 00 00 
              00 00 00 
              00 00 00 
              00 00 00 
              00 00 00 
              00 00 00 
              00 00 00 
              00 00 00 
              00 00 00 
              00 00 00 
              00 00 00 
              00 00 00 
              00 00 00 
              00 00 00 
              00 00 00 
              00 00 00 
              00 00 00 
              00 00 00 
              00 00 00 
              00 00 00 
              00 00 00 
              00 00 00 
              00 00 00 
              00 00 00 
              00 00 00 
              00 00 00 
              00 00 00 
              00 00 00 
              00 00 00 
              00 00 00 
              00 00 00 
              00 00 00 
              00 00 00 



ARM Macro Assembler    Page 16 


              00 00 00 
              00 00 00 
              00 00 00 
              00 00 00 
              00 00 00 
              00 00 00 
              00 00 00 
              00 00 00 
              00 00 00 
              00 00 00 
              00 00 00 
              00 00 00 
              00 00 00 
              00 00 00 
              00 00 00 
              00 00 00 
              00 00 00 
              00 00 00 
              00 00 00 
              00 00 00 
              00 00 00 
              00 00 00 
              00 00 00 
              00 00 00 
              00 00 00 
              00 00 00 
              00 00 00 
              00 00 00 
              00 00 00 
              00 00 00 
              00 00 00 
              00 00 00 
              00 00 00 
              00 00 00 
              00 00 00 
              00 00 00 
              00 00 00 
              00 00 00 
              00 00 00 
              00 00 00 
              00 00 00 
              00 00 00 
              00 00 00 
              00 00 00 
              00 00 00 
              00 00 00 
              00 00 00 
              00 00 00 
              00 00 00 
              00 00 00 
              00 00 00 
              00 00 00 
              00 00 00 
              00 00 00 
              00 00 00 
              00 00 00 
              00 00 00 
              00 00 00 
              00 00 00 



ARM Macro Assembler    Page 17 


              00 00 00 
              00 00 00 
              00 00 00 
              00 00 00 
              00 00 00 
              00 00 00 
              00 00 00 
              00 00 00 
              00 00 00 
              00 00 00 
              00 00 00 
              00 00 00 
              00 00 00 
              00 00 00 
              00 00 00 
              00 00 00 
              00 00 00 
              00 00 00 
              00 00 00 
              00 00 00 
              00 00 00 
              00 00 00 
              00 00 00 
              00 00 00 
              00 00 00 
              00 00 00 
              00 00 00 
              00 00 00 
              00 00 00 
              00 00 00 
              00 00 00 
              00 00 00 
              00 00 00 
              00 00 00 
              00 00 00 
              00 00 00 
              00 00 00 
              00 00 00 
              00 00 00 
              00 00 00 
              00 00 00 
              00 00 00 
              00 00 00 
              00 00 00 
              00 00 00 
              00 00 00 
              00 00 00 
              00 00 00 
              00 00 00 
              00 00 00 
              00 00 00 
              00 00 00 
              00 00 00 
              00 00 00 
              00 00 00 
              00 00 00 
              00 00 00 
              00 00 00 
              00 00 00 



ARM Macro Assembler    Page 18 


              00 00 00 
              00 00 00 
              00 00 00 
              00 00 00 
              00 00 00 
              00 00 00 
              00 00 00 
              00 00 00 
              00 00 00 
              00 00 00 
              00 00 00 
              00 00 00 
              00 00 00 
              00 00 00 
              00 00 00 
              00 00 00 
              00 00 00 
              00 00 00 
              00 00 00 
              00 00 00 
              00 00 00 
              00 00 00 
              00 00 00 
              00 00 00 
              00 00 00 
              00 00 00 
              00 00 00 
              00 00 00 
              00 00 00 
              00 00 00 
              00 00 00 
              00 00 00 
              00 00 00 
              00 00 00 
              00 00 00 
              00 00 00 
              00 00 00 
              00 00 00 
              00 00 00 
              00 00 00 
              00 00 00 
              00 00 00 
              00 00 00 
              00 00 00 
              00 00 00 
              00 00 00 
              00 00 00 
              00 00 00 
              00 00 00 
              00 00 00 
              00 00 00 
              00 00 00 
              00 00 00 
              00 00 00 
              00 00 00 
              00 00 00 
              00 00 00 
              00 00 00 
              00 00 00 



ARM Macro Assembler    Page 19 


              00 00 00 
              00 00 00 
              00 00 00 
              00 00 00 
              00 00 00 
              00 00 00 
              00 00 00 
              00 00 00 
              00 00 00 
              00 00 00 
              00 00 00 
              00 00 00 
              00 00 00 
              00 00 00 
              00 00 00 
              00 00 00 
              00 00 00 
              00 00 00 
              00 00 00 
              00 00 00 
              00 00 00 
              00 00 00 
              00 00 00 
              00 00 00 
              00 00 00 
              00 00 00 
              00 00 00 
              00 00 00 
              00 00 00 
              00 00 00 
              00 00 00 
              00 00 00 
              00 00 00 
              00 00 00 
              00 00 00 
              00 00 00 
              00 00 00 
              00 00 00 
              00 00 00 
              00 00 00 
              00 00 00 
              00 00 00 
              00 00 00 
              00 00 00 
              00 00 00 
              00 00 00 
              00 00 00 
              00 00 00 
              00 00 00 
              00 00 00 
              00 00 00 
              00 00 00 
              00 00 00 
              00 00 00 
              00 00 00 
              00 00 00 
              00 00 00 
              00 00 00 
              00 00 00 



ARM Macro Assembler    Page 20 


              00 00 00 
              00 00 00 
              00 00 00 
              00 00 00 
              00 00 00 
              00 00 00 
              00 00 00 
              00 00 00 
              00 00 00 
              00 00 00 
              00 00 00 
              00 00 00 
              00 00 00 
              00 00 00 
              00 00 00 
              00 00 00 
              00 00 00 
              00 00 00 
              00 00 00 
              00 00 00 
              00 00 00 
              00 00 00 
              00 00 00 
              00 00 00 
              00 00 00 
              00 00 00 
              00 00 00 
              00 00 00 
              00 00 00 
              00 00 00 
              00 00 00 
              00 00 00 
              00 00 00 
              00 00 00 
              00 00 00 
              00 00 00 
              00 00 00 
              00 00 00 
              00 00 00 
              00 00 00 
              00 00 00 
              00 00 00 
              00 00 00 
              00 00 00 
              00 00 00 
              00 00 00 
              00 00 00 
              00 00 00 
              00 00 00 
              00 00 00 
              00 00 00 
              00 00 00 
              00 00 00 
              00 00 00 
              00 00 00 
              00 00 00 
              00 00 00 
              00 00 00 
              00 00 00 



ARM Macro Assembler    Page 21 


              00 00 00 
              00 00 00 
              00 00 00 
              00 00 00 
              00 00 00 
              00 00 00 
              00 00 00 
              00 00 00 
              00 00 00 
              00 00 00 
              00 00 00 
              00 00 00 
              00 00 00 
              00 00 00 
              00 00 00 
              00 00 00 
              00 00 00 
              00 00 00 
              00 00 00 
              00 00 00 
              00 00 00 
              00 00 00 
              00 00 00 
              00 00 00 
              00 00 00 
              00 00 00 
              00 00 00 
              00 00 00 
              00 00 00 
              00 00 00 
              00 00 00 
              00 00 00 
              00 00 00 
              00 00 00 
              00 00 00 
              00 00 00 
              00 00 00 
              00 00 00 
              00 00 00 
              00 00 00 
              00 00 00 
              00 00 00 
              00 00 00 
              00 00 00 
              00 00 00 
              00 00 00 
              00 00 00 
              00 00 00 
              00 00 00 
              00 00 00 
              00 00 00 
              00 00 00 
              00 00 00 
              00 00 00 
              00 00 00 
              00 00 00 
              00 00 00 
              00 00 00 
              00 00 00 



ARM Macro Assembler    Page 22 


              00 00 00 
              00 00 00 
              00 00 00 
              00 00 00 
              00 00 00 
              00 00 00 
              00 00 00 
              00 00 00 
              00 00 00 
              00 00 00 
              00 00 00 
              00 00 00 
              00 00 00 
              00 00 00 
              00 00 00 
              00 00 00 
              00 00 00 
              00 00 00 
              00 00 00 
              00 00 00 
              00 00 00 
              00 00 00 
              00 00 00 
              00 00 00 
              00 00 00 
              00 00 00 
              00 00 00 
              00 00 00 
              00 00 00 
              00 00 00 
              00 00 00 
              00 00 00 
              00 00 00 
              00 00 00 
              00 00 00 
              00 00 00 
              00 00 00 
              00 00 00 
              00 00 00 
              00 00 00 
              00 00 00 
              00 00 00 
              00 00 00 
              00 00 00 
              00 00 00 
              00 00 00 
              00 00 00 
              00 00 00 
              00 00 00 
              00 00 00 
              00 00 00 
              00 00 00 
              00 00 00 
              00 00 00 
              00 00 00 
              00 00 00 
              00 00 00 
              00 00 00 
              00 00 00 



ARM Macro Assembler    Page 23 


              00 00 00 
              00 00 00 
              00 00 00 
              00 00 00 
              00 00 00 
              00 00 00 
              00 00 00 
              00 00 00 
              00 00 00 
              00 00 00 
              00 00 00 
              00 00 00 
              00 00 00 
              00 00 00 
              00 00 00 
              00 00 00 
              00 00 00 
              00 00 00 
              00 00 00 
              00 00 00 
              00 00 00 
              00 00 00 
              00 00 00 
              00 00 00 
              00 00 00 
              00 00 00 
              00 00 00 
              00 00 00 
              00 00 00 
              00 00 00 
              00 00 00 
              00 00 00 
              00 00 00 
              00 00 00 
              00 00 00 
              00 00 00 
              00 00 00 
              00 00 00 
              00 00 00 
              00 00 00 
              00 00 00 
              00 00 00 
              00 00 00 
              00 00 00 
              00 00 00 
              00 00 00 
              00 00 00 
              00 00 00 
              00 00 00 
              00 00 00 
              00 00 00 
              00 00 00 
              00 00 00 
              00 00 00 
              00 00 00 
              00 00 00 
              00 00 00 
              00 00 00 
              00 00 00 



ARM Macro Assembler    Page 24 


              00 00 00 
              00 00 00 
              00 00 00 
              00 00 00 
              00 00 00 
              00 00 00 
              00 00 00 
              00 00 00 
              00 00 00 
              00 00 00 
              00 00 00 
              00 00 00 
              00 00 00 
              00 00 00 
              00 00 00 
              00 00 00 
              00 00 00 
              00 00 00 
              00 00 00 
              00 00 00 
              00 00 00 
              00 00 00 
              00 00 00 
              00 00 00 
              00 00 00 
              00 00 00 
              00 00 00 
              00 00 00 
              00 00 00 
              00 00 00 
              00 00 00 
              00 00 00 
              00 00 00 
              00 00 00 
              00 00 00 
              00 00 00 
              00 00 00 
              00 00 00 
              00 00 00 
              00 00 00 
              00 00 00 
              00 00 00 
              00 00 00 
              00 00 00 
              00 00 00 
              00 00 00 
              00 00 00 
              00 00 00 
              00 00 00 
              00 00 00 
              00 00 00 
              00 00 00 
              00 00 00 
              00 00 00 
              00 00 00 
              00 00 00 
              00 00 00 
              00 00 00 
              00 00 00 



ARM Macro Assembler    Page 25 


              00 00 00 
              00 00 00 
              00 00 00 
              00 00 00 
              00 00 00 
              00 00 00 
              00 00 00 
              00 00 00 
              00 00 00 
              00 00 00 
              00 00 00 
              00 00 00 
              00 00 00 
              00 00 00 
              00 00 00 
              00 00 00 
              00 00 00 
              00 00 00 
              00 00 00 
              00 00 00 
              00 00 00 
              00 00 00 
              00 00 00 
              00 00 00 
              00 00 00 
              00 00 00 
              00 00 00 
              00 00 00 
              00 00 00 
              00 00 00 
              00 00 00 
              00 00 00 
              00 00 00 
              00 00 00 
              00 00 00 
              00 00 00 
              00 00 00 
              00 00 00 
              00 00 00 
              00 00 00 
              00 00 00 
              00 00 00 
              00 00 00 
              00 00 00 
              00 00 00 
              00 00 00 
              00 00 00 
              00 00 00 
              00 00 00 
              00 00 00 
              00 00 00 
              00 00 00 
              00 00 00 
              00 00 00 
              00 00 00 
              00 00 00 
              00 00 00 
              00 00 00 
              00 00 00 



ARM Macro Assembler    Page 26 


              00 00 00 
              00 00 00 
              00 00 00 
              00 00 00 
              00 00 00 
              00 00 00 
              00 00 00 
              00 00 00 
              00 00 00 
              00 00 00 
              00 00 00 
              00 00 00 
              00 00 00 
              00 00 00 
              00 00 00 
              00 00 00 
              00 00 00 
              00 00 00 
              00 00 00 
              00 00 00 
              00 00 00 
              00 00 00 
              00 00 00 
              00 00 00 
              00 00 00 
              00 00 00 
              00 00 00 
              00 00 00 
              00 00 00 
              00 00 00 
              00 00 00 
              00 00 00 
              00 00 00 
              00 00 00 
              00 00 00 
              00 00 00 
              00 00 00 
              00 00 00 
              00 00 00 
              00 00 00 
              00 00 00 
              00 00 00 
              00 00 00 
              00 00 00 
              00 00 00 
              00 00 00 
              00 00 00 
              00 00 00 
              00 00 00 
              00 00 00 
              00 00 00 
              00 00 00 
              00 00 00 
              00 00 00 
              00 00 00 
              00 00 00 
              00 00 00 
              00 00 00 
              00 00 00 



ARM Macro Assembler    Page 27 


              00 00 00 
              00 00 00 
              00 00 00 
              00 00 00 
              00 00 00 
              00 00 00 
              00 00 00 
              00 00 00 
              00 00 00 
              00 00 00 
              00 00 00 
              00 00 00 
              00 00 00 
              00 00 00 
              00 00 00 
              00 00 00 
              00 00 00 
              00 00 00 
              00 00 00 
              00 00 00 
              00 00 00 
              00 00 00 
              00 00 00 
              00 00 00 
              00 00 00 
              00 00 00 
              00 00 00 
              00 00 00 
              00 00 00 
              00 00 00 
              00 00 00 
              00 00 00 
              00 00 00 
              00 00 00 
              00 00 00 
              00 00 00 
              00 00 00 
              00 00 00 
              00 00 00 
              00 00 00 
              00 00 00 
              00 00 00 
              00 00 00 
              00 00 00 
              00 00 00 
              00 00 00 
              00 00 00 
              00 00 00 
              00 00 00 
              00 00 00 
              00 00 00 
              00 00 00 
              00 00 00 
              00 00 00 
              00 00 00 
              00 00 00 
              00 00 00 
              00 00 00 
              00 00 00 



ARM Macro Assembler    Page 28 


              00 00 00 
              00 00 00 
              00 00 00 
              00 00 00 
              00 00 00 
              00 00 00 
              00 00 00 
              00 00 00 
              00 00 00 
              00 00 00 
              00 00 00 
              00 00 00 
              00 00 00 
              00 00 00 
              00 00 00 
              00 00 00 
              00 00 00 
              00 00 00 
              00 00 00 
              00 00 00 
              00 00 00 
              00 00 00 
              00 00 00 
              00 00 00 
              00 00 00 
              00 00 00 
              00 00 00 
              00 00 00 
              00 00 00 
              00 00 00 
              00 00 00 
              00 00 00 
              00 00 00 
              00 00 00 
              00 00 00 
              00 00 00 
              00 00 00 
              00 00 00 
              00 00 00 
              00 00 00 
              00 00 00 
              00 00 00 
              00 00 00 
              00 00 00 
              00 00 00 
              00 00 00 
              00 00 00 
              00 00 00 
              00 00 00 
              00 00 00 
              00 00 00 
              00 00 00 
              00 00 00 
              00 00 00 
              00 00 00 
              00 00 00 
              00 00 00 
              00 00 00 
              00 00 00 



ARM Macro Assembler    Page 29 


              00 00 00 
              00 00 00 
              00 00 00 
              00 00 00 
              00 00 00 
              00 00 00 
              00 00 00 
              00 00 00 
              00 00 00 
              00 00 00 
              00 00 00 
              00 00 00 
              00 00 00 
              00 00 00 
              00 00 00 
              00 00 00 
              00 00 00 
              00 00 00 
              00 00 00 
              00 00 00 
              00 00 00 
              00 00 00 
              00 00 00 
              00 00 00 
              00 00 00 
              00 00 00 
              00 00 00 
              00 00 00 
              00 00 00 
              00 00 00 
              00 00 00 
              00 00 00 
              00 00 00 
              00 00 00 
              00 00 00 
              00 00 00 
              00 00 00 
              00 00 00 
              00 00 00 
              00 00 00 
              00 00 00 
              00 00 00 
              00 00 00 
              00 00 00 
              00 00 00 
              00 00 00 
              00 00 00 
              00 00 00 
              00 00 00 
              00       boundary
                               SPACE            4096
  190 00001064         
  191 00001064 01 02 03 
              04 05 06 
              07       Days    DCB              0x01, 0x02, 0x03, 0x04, 0x05, 0
x06, 0x07
  192 0000106B         
  193 0000106B 00 00000006 
              00000514 



ARM Macro Assembler    Page 30 


              00000003 
              000006A4 
              00000002 
              000004B0 
              00000004 
              0000076C Calories_food
                               DCD              0x06, 1300, 0x03, 1700, 0x02, 1
200, 0x04, 1900
  194 0000108C 00000005 
              00000456 
              00000001 
              00000686 
              00000007 
              000003E8         DCD              0x05, 1110, 0x01, 1670, 0x07, 1
000
  195 000010A4         
  196 000010A4         ;Calories_food    DCD 0x06, 1300, 0x03, 1700
  197 000010A4         ;     DCD 0x02, 1200
  198 000010A4         
  199 000010A4 00000002 
              000001F4 
              00000005 
              00000320 
              00000006 
              00000190 Calories_sport
                               DCD              0x02, 500, 0x05, 800, 0x06, 400
  200 000010BC         
  201 000010BC         
  202 000010BC         
  203 000010BC         ; Dummy Exception Handlers (infinite loops which can be 
                       modified)
  204 000010BC         
  205 000010BC         NMI_Handler
                               PROC
  206 000010BC                 EXPORT           NMI_Handler               [WEAK
]
  207 000010BC E7FE            B                .
  208 000010BE                 ENDP
  210 000010BE         HardFault_Handler
                               PROC
  211 000010BE                 EXPORT           HardFault_Handler         [WEAK
]
  212 000010BE E7FE            B                .
  213 000010C0                 ENDP
  215 000010C0         MemManage_Handler
                               PROC
  216 000010C0                 EXPORT           MemManage_Handler         [WEAK
]
  217 000010C0 E7FE            B                .
  218 000010C2                 ENDP
  220 000010C2         BusFault_Handler
                               PROC
  221 000010C2                 EXPORT           BusFault_Handler          [WEAK
]
  222 000010C2 E7FE            B                .
  223 000010C4                 ENDP
  225 000010C4         UsageFault_Handler
                               PROC
  226 000010C4                 EXPORT           UsageFault_Handler        [WEAK



ARM Macro Assembler    Page 31 


]
  227 000010C4 E7FE            B                .
  228 000010C6                 ENDP
  229 000010C6         SVC_Handler
                               PROC
  230 000010C6                 EXPORT           SVC_Handler               [WEAK
]
  231 000010C6 E7FE            B                .
  232 000010C8                 ENDP
  234 000010C8         DebugMon_Handler
                               PROC
  235 000010C8                 EXPORT           DebugMon_Handler          [WEAK
]
  236 000010C8 E7FE            B                .
  237 000010CA                 ENDP
  238 000010CA         PendSV_Handler
                               PROC
  239 000010CA                 EXPORT           PendSV_Handler            [WEAK
]
  240 000010CA E7FE            B                .
  241 000010CC                 ENDP
  242 000010CC         SysTick_Handler
                               PROC
  243 000010CC                 EXPORT           SysTick_Handler           [WEAK
]
  244 000010CC E7FE            B                .
  245 000010CE                 ENDP
  246 000010CE         
  247 000010CE         Default_Handler
                               PROC
  248 000010CE         
  249 000010CE                 EXPORT           WDT_IRQHandler            [WEAK
]
  250 000010CE                 EXPORT           TIMER0_IRQHandler         [WEAK
]
  251 000010CE                 EXPORT           TIMER1_IRQHandler         [WEAK
]
  252 000010CE                 EXPORT           TIMER2_IRQHandler         [WEAK
]
  253 000010CE                 EXPORT           TIMER3_IRQHandler         [WEAK
]
  254 000010CE                 EXPORT           UART0_IRQHandler          [WEAK
]
  255 000010CE                 EXPORT           UART1_IRQHandler          [WEAK
]
  256 000010CE                 EXPORT           UART2_IRQHandler          [WEAK
]
  257 000010CE                 EXPORT           UART3_IRQHandler          [WEAK
]
  258 000010CE                 EXPORT           PWM1_IRQHandler           [WEAK
]
  259 000010CE                 EXPORT           I2C0_IRQHandler           [WEAK
]
  260 000010CE                 EXPORT           I2C1_IRQHandler           [WEAK
]
  261 000010CE                 EXPORT           I2C2_IRQHandler           [WEAK
]
  262 000010CE                 EXPORT           SPI_IRQHandler            [WEAK
]



ARM Macro Assembler    Page 32 


  263 000010CE                 EXPORT           SSP0_IRQHandler           [WEAK
]
  264 000010CE                 EXPORT           SSP1_IRQHandler           [WEAK
]
  265 000010CE                 EXPORT           PLL0_IRQHandler           [WEAK
]
  266 000010CE                 EXPORT           RTC_IRQHandler            [WEAK
]
  267 000010CE                 EXPORT           EINT0_IRQHandler          [WEAK
]
  268 000010CE                 EXPORT           EINT1_IRQHandler          [WEAK
]
  269 000010CE                 EXPORT           EINT2_IRQHandler          [WEAK
]
  270 000010CE                 EXPORT           EINT3_IRQHandler          [WEAK
]
  271 000010CE                 EXPORT           ADC_IRQHandler            [WEAK
]
  272 000010CE                 EXPORT           BOD_IRQHandler            [WEAK
]
  273 000010CE                 EXPORT           USB_IRQHandler            [WEAK
]
  274 000010CE                 EXPORT           CAN_IRQHandler            [WEAK
]
  275 000010CE                 EXPORT           DMA_IRQHandler            [WEAK
]
  276 000010CE                 EXPORT           I2S_IRQHandler            [WEAK
]
  277 000010CE                 EXPORT           ENET_IRQHandler           [WEAK
]
  278 000010CE                 EXPORT           RIT_IRQHandler            [WEAK
]
  279 000010CE                 EXPORT           MCPWM_IRQHandler          [WEAK
]
  280 000010CE                 EXPORT           QEI_IRQHandler            [WEAK
]
  281 000010CE                 EXPORT           PLL1_IRQHandler           [WEAK
]
  282 000010CE                 EXPORT           USBActivity_IRQHandler    [WEAK
]
  283 000010CE                 EXPORT           CANActivity_IRQHandler    [WEAK
]
  284 000010CE         
  285 000010CE         WDT_IRQHandler
  286 000010CE         TIMER0_IRQHandler
  287 000010CE         TIMER1_IRQHandler
  288 000010CE         TIMER2_IRQHandler
  289 000010CE         TIMER3_IRQHandler
  290 000010CE         UART0_IRQHandler
  291 000010CE         UART1_IRQHandler
  292 000010CE         UART2_IRQHandler
  293 000010CE         UART3_IRQHandler
  294 000010CE         PWM1_IRQHandler
  295 000010CE         I2C0_IRQHandler
  296 000010CE         I2C1_IRQHandler
  297 000010CE         I2C2_IRQHandler
  298 000010CE         SPI_IRQHandler
  299 000010CE         SSP0_IRQHandler
  300 000010CE         SSP1_IRQHandler



ARM Macro Assembler    Page 33 


  301 000010CE         PLL0_IRQHandler
  302 000010CE         RTC_IRQHandler
  303 000010CE         EINT0_IRQHandler
  304 000010CE         EINT1_IRQHandler
  305 000010CE         EINT2_IRQHandler
  306 000010CE         EINT3_IRQHandler
  307 000010CE         ADC_IRQHandler
  308 000010CE         BOD_IRQHandler
  309 000010CE         USB_IRQHandler
  310 000010CE         CAN_IRQHandler
  311 000010CE         DMA_IRQHandler
  312 000010CE         I2S_IRQHandler
  313 000010CE         ENET_IRQHandler
  314 000010CE         RIT_IRQHandler
  315 000010CE         MCPWM_IRQHandler
  316 000010CE         QEI_IRQHandler
  317 000010CE         PLL1_IRQHandler
  318 000010CE         USBActivity_IRQHandler
  319 000010CE         CANActivity_IRQHandler
  320 000010CE         
  321 000010CE E7FE            B                .
  322 000010D0         
  323 000010D0                 ENDP
  324 000010D0         
  325 000010D0         
  326 000010D0                 ALIGN
  327 000010D0         
  328 000010D0         
  329 000010D0         ; User Initial Stack & Heap
  330 000010D0         
  331 000010D0                 EXPORT           __initial_sp
  332 000010D0                 EXPORT           __heap_base
  333 000010D0                 EXPORT           __heap_limit
  334 000010D0         
  335 000010D0                 END
Command Line: --debug --xref --diag_suppress=9931 --cpu=Cortex-M3 --apcs=interw
ork --depend=.\startup.d -o.\startup.o -I.\RTE\_Target_1 -IC:\Users\nickt\AppDa
ta\Local\Arm\Packs\ARM\CMSIS\5.8.0\CMSIS\Core\Include -IC:\Users\nickt\AppData\
Local\Arm\Packs\Keil\LPC1700_DFP\2.7.1\Device\Include --predefine="__EVAL SETA 
1" --predefine="__UVISION_VERSION SETA 536" --predefine="_RTE_ SETA 1" --predef
ine="LPC175x_6x SETA 1" --predefine="_RTE_ SETA 1" --list=.\startup.lst startup
.s



ARM Macro Assembler    Page 1 Alphabetic symbol ordering
Relocatable symbols

STACK 00000000

Symbol: STACK
   Definitions
      At line 33 in file startup.s
   Uses
      None
Comment: STACK unused
Stack_Mem 00000000

Symbol: Stack_Mem
   Definitions
      At line 34 in file startup.s
   Uses
      None
Comment: Stack_Mem unused
__initial_sp 00000200

Symbol: __initial_sp
   Definitions
      At line 35 in file startup.s
   Uses
      At line 59 in file startup.s
      At line 331 in file startup.s

3 symbols



ARM Macro Assembler    Page 1 Alphabetic symbol ordering
Relocatable symbols

HEAP 00000000

Symbol: HEAP
   Definitions
      At line 44 in file startup.s
   Uses
      None
Comment: HEAP unused
Heap_Mem 00000000

Symbol: Heap_Mem
   Definitions
      At line 46 in file startup.s
   Uses
      None
Comment: Heap_Mem unused
__heap_base 00000000

Symbol: __heap_base
   Definitions
      At line 45 in file startup.s
   Uses
      At line 332 in file startup.s
Comment: __heap_base used once
__heap_limit 00000000

Symbol: __heap_limit
   Definitions
      At line 47 in file startup.s
   Uses
      At line 333 in file startup.s
Comment: __heap_limit used once
4 symbols



ARM Macro Assembler    Page 1 Alphabetic symbol ordering
Relocatable symbols

RESET 00000000

Symbol: RESET
   Definitions
      At line 56 in file startup.s
   Uses
      None
Comment: RESET unused
__Vectors 00000000

Symbol: __Vectors
   Definitions
      At line 59 in file startup.s
   Uses
      At line 57 in file startup.s
Comment: __Vectors used once
2 symbols



ARM Macro Assembler    Page 1 Alphabetic symbol ordering
Relocatable symbols

.ARM.__at_0x02FC 00000000

Symbol: .ARM.__at_0x02FC
   Definitions
      At line 115 in file startup.s
   Uses
      None
Comment: .ARM.__at_0x02FC unused
CRP_Key 00000000

Symbol: CRP_Key
   Definitions
      At line 116 in file startup.s
   Uses
      None
Comment: CRP_Key unused
2 symbols



ARM Macro Assembler    Page 1 Alphabetic symbol ordering
Relocatable symbols

.text 00000000

Symbol: .text
   Definitions
      At line 120 in file startup.s
   Uses
      None
Comment: .text unused
ADC_IRQHandler 000010CE

Symbol: ADC_IRQHandler
   Definitions
      At line 307 in file startup.s
   Uses
      At line 99 in file startup.s
      At line 271 in file startup.s

BOD_IRQHandler 000010CE

Symbol: BOD_IRQHandler
   Definitions
      At line 308 in file startup.s
   Uses
      At line 100 in file startup.s
      At line 272 in file startup.s

BusFault_Handler 000010C2

Symbol: BusFault_Handler
   Definitions
      At line 220 in file startup.s
   Uses
      At line 64 in file startup.s
      At line 221 in file startup.s

CANActivity_IRQHandler 000010CE

Symbol: CANActivity_IRQHandler
   Definitions
      At line 319 in file startup.s
   Uses
      At line 111 in file startup.s
      At line 283 in file startup.s

CAN_IRQHandler 000010CE

Symbol: CAN_IRQHandler
   Definitions
      At line 310 in file startup.s
   Uses
      At line 102 in file startup.s
      At line 274 in file startup.s

Calories_food 0000106C

Symbol: Calories_food
   Definitions
      At line 193 in file startup.s
   Uses



ARM Macro Assembler    Page 2 Alphabetic symbol ordering
Relocatable symbols

      At line 145 in file startup.s
Comment: Calories_food used once
Calories_sport 000010A4

Symbol: Calories_sport
   Definitions
      At line 199 in file startup.s
   Uses
      At line 146 in file startup.s
Comment: Calories_sport used once
DMA_IRQHandler 000010CE

Symbol: DMA_IRQHandler
   Definitions
      At line 311 in file startup.s
   Uses
      At line 103 in file startup.s
      At line 275 in file startup.s

Days 00001064

Symbol: Days
   Definitions
      At line 191 in file startup.s
   Uses
      None
Comment: Days unused
DebugMon_Handler 000010C8

Symbol: DebugMon_Handler
   Definitions
      At line 234 in file startup.s
   Uses
      At line 71 in file startup.s
      At line 235 in file startup.s

Default_Handler 000010CE

Symbol: Default_Handler
   Definitions
      At line 247 in file startup.s
   Uses
      None
Comment: Default_Handler unused
EINT0_IRQHandler 000010CE

Symbol: EINT0_IRQHandler
   Definitions
      At line 303 in file startup.s
   Uses
      At line 95 in file startup.s
      At line 267 in file startup.s

EINT1_IRQHandler 000010CE

Symbol: EINT1_IRQHandler
   Definitions
      At line 304 in file startup.s
   Uses



ARM Macro Assembler    Page 3 Alphabetic symbol ordering
Relocatable symbols

      At line 96 in file startup.s
      At line 268 in file startup.s

EINT2_IRQHandler 000010CE

Symbol: EINT2_IRQHandler
   Definitions
      At line 305 in file startup.s
   Uses
      At line 97 in file startup.s
      At line 269 in file startup.s

EINT3_IRQHandler 000010CE

Symbol: EINT3_IRQHandler
   Definitions
      At line 306 in file startup.s
   Uses
      At line 98 in file startup.s
      At line 270 in file startup.s

ENET_IRQHandler 000010CE

Symbol: ENET_IRQHandler
   Definitions
      At line 313 in file startup.s
   Uses
      At line 105 in file startup.s
      At line 277 in file startup.s

HardFault_Handler 000010BE

Symbol: HardFault_Handler
   Definitions
      At line 210 in file startup.s
   Uses
      At line 62 in file startup.s
      At line 211 in file startup.s

I2C0_IRQHandler 000010CE

Symbol: I2C0_IRQHandler
   Definitions
      At line 295 in file startup.s
   Uses
      At line 87 in file startup.s
      At line 259 in file startup.s

I2C1_IRQHandler 000010CE

Symbol: I2C1_IRQHandler
   Definitions
      At line 296 in file startup.s
   Uses
      At line 88 in file startup.s
      At line 260 in file startup.s

I2C2_IRQHandler 000010CE




ARM Macro Assembler    Page 4 Alphabetic symbol ordering
Relocatable symbols

Symbol: I2C2_IRQHandler
   Definitions
      At line 297 in file startup.s
   Uses
      At line 89 in file startup.s
      At line 261 in file startup.s

I2S_IRQHandler 000010CE

Symbol: I2S_IRQHandler
   Definitions
      At line 312 in file startup.s
   Uses
      At line 104 in file startup.s
      At line 276 in file startup.s

MCPWM_IRQHandler 000010CE

Symbol: MCPWM_IRQHandler
   Definitions
      At line 315 in file startup.s
   Uses
      At line 107 in file startup.s
      At line 279 in file startup.s

MemManage_Handler 000010C0

Symbol: MemManage_Handler
   Definitions
      At line 215 in file startup.s
   Uses
      At line 63 in file startup.s
      At line 216 in file startup.s

NMI_Handler 000010BC

Symbol: NMI_Handler
   Definitions
      At line 205 in file startup.s
   Uses
      At line 61 in file startup.s
      At line 206 in file startup.s

PLL0_IRQHandler 000010CE

Symbol: PLL0_IRQHandler
   Definitions
      At line 301 in file startup.s
   Uses
      At line 93 in file startup.s
      At line 265 in file startup.s

PLL1_IRQHandler 000010CE

Symbol: PLL1_IRQHandler
   Definitions
      At line 317 in file startup.s
   Uses
      At line 109 in file startup.s



ARM Macro Assembler    Page 5 Alphabetic symbol ordering
Relocatable symbols

      At line 281 in file startup.s

PWM1_IRQHandler 000010CE

Symbol: PWM1_IRQHandler
   Definitions
      At line 294 in file startup.s
   Uses
      At line 86 in file startup.s
      At line 258 in file startup.s

PendSV_Handler 000010CA

Symbol: PendSV_Handler
   Definitions
      At line 238 in file startup.s
   Uses
      At line 73 in file startup.s
      At line 239 in file startup.s

QEI_IRQHandler 000010CE

Symbol: QEI_IRQHandler
   Definitions
      At line 316 in file startup.s
   Uses
      At line 108 in file startup.s
      At line 280 in file startup.s

RIT_IRQHandler 000010CE

Symbol: RIT_IRQHandler
   Definitions
      At line 314 in file startup.s
   Uses
      At line 106 in file startup.s
      At line 278 in file startup.s

RTC_IRQHandler 000010CE

Symbol: RTC_IRQHandler
   Definitions
      At line 302 in file startup.s
   Uses
      At line 94 in file startup.s
      At line 266 in file startup.s

Reset_Handler 00000000

Symbol: Reset_Handler
   Definitions
      At line 139 in file startup.s
   Uses
      At line 60 in file startup.s
      At line 140 in file startup.s
      At line 141 in file startup.s

SPI_IRQHandler 000010CE




ARM Macro Assembler    Page 6 Alphabetic symbol ordering
Relocatable symbols

Symbol: SPI_IRQHandler
   Definitions
      At line 298 in file startup.s
   Uses
      At line 90 in file startup.s
      At line 262 in file startup.s

SSP0_IRQHandler 000010CE

Symbol: SSP0_IRQHandler
   Definitions
      At line 299 in file startup.s
   Uses
      At line 91 in file startup.s
      At line 263 in file startup.s

SSP1_IRQHandler 000010CE

Symbol: SSP1_IRQHandler
   Definitions
      At line 300 in file startup.s
   Uses
      At line 92 in file startup.s
      At line 264 in file startup.s

SVC_Handler 000010C6

Symbol: SVC_Handler
   Definitions
      At line 229 in file startup.s
   Uses
      At line 70 in file startup.s
      At line 230 in file startup.s

SysTick_Handler 000010CC

Symbol: SysTick_Handler
   Definitions
      At line 242 in file startup.s
   Uses
      At line 74 in file startup.s
      At line 243 in file startup.s

TIMER0_IRQHandler 000010CE

Symbol: TIMER0_IRQHandler
   Definitions
      At line 286 in file startup.s
   Uses
      At line 78 in file startup.s
      At line 250 in file startup.s

TIMER1_IRQHandler 000010CE

Symbol: TIMER1_IRQHandler
   Definitions
      At line 287 in file startup.s
   Uses
      At line 79 in file startup.s



ARM Macro Assembler    Page 7 Alphabetic symbol ordering
Relocatable symbols

      At line 251 in file startup.s

TIMER2_IRQHandler 000010CE

Symbol: TIMER2_IRQHandler
   Definitions
      At line 288 in file startup.s
   Uses
      At line 80 in file startup.s
      At line 252 in file startup.s

TIMER3_IRQHandler 000010CE

Symbol: TIMER3_IRQHandler
   Definitions
      At line 289 in file startup.s
   Uses
      At line 81 in file startup.s
      At line 253 in file startup.s

UART0_IRQHandler 000010CE

Symbol: UART0_IRQHandler
   Definitions
      At line 290 in file startup.s
   Uses
      At line 82 in file startup.s
      At line 254 in file startup.s

UART1_IRQHandler 000010CE

Symbol: UART1_IRQHandler
   Definitions
      At line 291 in file startup.s
   Uses
      At line 83 in file startup.s
      At line 255 in file startup.s

UART2_IRQHandler 000010CE

Symbol: UART2_IRQHandler
   Definitions
      At line 292 in file startup.s
   Uses
      At line 84 in file startup.s
      At line 256 in file startup.s

UART3_IRQHandler 000010CE

Symbol: UART3_IRQHandler
   Definitions
      At line 293 in file startup.s
   Uses
      At line 85 in file startup.s
      At line 257 in file startup.s

USBActivity_IRQHandler 000010CE

Symbol: USBActivity_IRQHandler



ARM Macro Assembler    Page 8 Alphabetic symbol ordering
Relocatable symbols

   Definitions
      At line 318 in file startup.s
   Uses
      At line 110 in file startup.s
      At line 282 in file startup.s

USB_IRQHandler 000010CE

Symbol: USB_IRQHandler
   Definitions
      At line 309 in file startup.s
   Uses
      At line 101 in file startup.s
      At line 273 in file startup.s

UsageFault_Handler 000010C4

Symbol: UsageFault_Handler
   Definitions
      At line 225 in file startup.s
   Uses
      At line 65 in file startup.s
      At line 226 in file startup.s

WDT_IRQHandler 000010CE

Symbol: WDT_IRQHandler
   Definitions
      At line 285 in file startup.s
   Uses
      At line 77 in file startup.s
      At line 249 in file startup.s

boundary 00000064

Symbol: boundary
   Definitions
      At line 189 in file startup.s
   Uses
      None
Comment: boundary unused
cal_minore 00000050

Symbol: cal_minore
   Definitions
      At line 180 in file startup.s
   Uses
      At line 177 in file startup.s
Comment: cal_minore used once
fine 00000056

Symbol: fine
   Definitions
      At line 184 in file startup.s
   Uses
      At line 156 in file startup.s
Comment: fine used once
first_loop 0000000E




ARM Macro Assembler    Page 9 Alphabetic symbol ordering
Relocatable symbols

Symbol: first_loop
   Definitions
      At line 152 in file startup.s
   Uses
      At line 165 in file startup.s
Comment: first_loop used once
second_loop 0000002A

Symbol: second_loop
   Definitions
      At line 163 in file startup.s
   Uses
      At line 172 in file startup.s
      At line 178 in file startup.s
      At line 182 in file startup.s

uguali 00000044

Symbol: uguali
   Definitions
      At line 174 in file startup.s
   Uses
      At line 170 in file startup.s
Comment: uguali used once
56 symbols



ARM Macro Assembler    Page 1 Alphabetic symbol ordering
Absolute symbols

Heap_Size 00000000

Symbol: Heap_Size
   Definitions
      At line 42 in file startup.s
   Uses
      At line 46 in file startup.s
Comment: Heap_Size used once
Stack_Size 00000200

Symbol: Stack_Size
   Definitions
      At line 31 in file startup.s
   Uses
      At line 34 in file startup.s
Comment: Stack_Size used once
cal_min 000001F4

Symbol: cal_min
   Definitions
      At line 124 in file startup.s
   Uses
      None
Comment: cal_min unused
vec_food 0000000E

Symbol: vec_food
   Definitions
      At line 122 in file startup.s
   Uses
      None
Comment: vec_food unused
vec_sport 00000006

Symbol: vec_sport
   Definitions
      At line 123 in file startup.s
   Uses
      None
Comment: vec_sport unused
5 symbols
420 symbols in table
